2025-11-08 10:45:03 [info] : Server running in development mode at http://localhost:8080
2025-11-08 10:53:59 [info] : Server running in development mode at http://localhost:8080
2025-11-08 10:54:03 [info] : Server running in development mode at http://localhost:8080
2025-11-08 11:36:22 [info] : Server running in development mode at http://localhost:8080
2025-11-08 11:36:59 [info] : Server running in development mode at http://localhost:8080
2025-11-08 11:40:44 [info] : Server running in development mode at http://localhost:8080
2025-11-08 11:40:54 [info] : Server running in development mode at http://localhost:8080
2025-11-08 11:41:13 [info] : Server running in development mode at http://localhost:8080
2025-11-08 11:41:56 [info] : Server running in development mode at http://localhost:8080
2025-11-08 11:42:17 [info] : Server running in development mode at http://localhost:8080
2025-11-08 11:42:32 [info] : Server running in development mode at http://localhost:8080
2025-11-08 11:42:39 [info] : Server running in development mode at http://localhost:8080
2025-11-08 11:42:43 [info] : Server running in development mode at http://localhost:8080
2025-11-08 11:42:56 [info] : Server running in development mode at http://localhost:8080
2025-11-08 11:43:34 [info] : Server running in development mode at http://localhost:8080
2025-11-08 11:53:00 [info] : Server running in development mode at http://localhost:8080
2025-11-08 11:53:10 [info] : Server running in development mode at http://localhost:8080
2025-11-08 11:53:29 [info] : Server running in development mode at http://localhost:8080
2025-11-08 11:55:42 [info] : Server running in development mode at http://localhost:8080
2025-11-08 11:55:47 [info] : Server running in development mode at http://localhost:8080
2025-11-08 11:55:52 [info] : Server running in development mode at http://localhost:8080
2025-11-08 11:56:03 [info] : Server running in development mode at http://localhost:8080
2025-11-08 11:56:47 [info] : Server running in development mode at http://localhost:8080
2025-11-08 11:58:05 [info] : Server running in development mode at http://localhost:8080
2025-11-08 11:58:19 [info] : Server running in development mode at http://localhost:8080
2025-11-08 11:58:28 [info] : Server running in development mode at http://localhost:8080
2025-11-08 11:59:34 [info] : Server running in development mode at http://localhost:8080
2025-11-08 11:59:42 [info] : Server running in development mode at http://localhost:8080
2025-11-08 12:00:03 [info] : Server running in development mode at http://localhost:8080
2025-11-08 12:01:22 [info] : Server running in development mode at http://localhost:8080
2025-11-08 12:01:49 [info] : Server running in development mode at http://localhost:8080
2025-11-08 12:02:15 [info] : Server running in development mode at http://localhost:8080
2025-11-08 12:02:30 [info] : Server running in development mode at http://localhost:8080
2025-11-08 12:02:37 [info] : Server running in development mode at http://localhost:8080
2025-11-08 12:02:51 [info] : Server running in development mode at http://localhost:8080
2025-11-08 12:02:57 [info] : Server running in development mode at http://localhost:8080
2025-11-08 12:03:15 [info] : Server running in development mode at http://localhost:8080
2025-11-08 12:03:31 [info] : Server running in development mode at http://localhost:8080
2025-11-08 12:03:38 [info] : Server running in development mode at http://localhost:8080
2025-11-08 12:03:43 [info] : Server running in development mode at http://localhost:8080
2025-11-08 12:04:20 [info] : Server running in development mode at http://localhost:8080
2025-11-08 12:04:26 [info] : Server running in development mode at http://localhost:8080
2025-11-08 12:09:38 [info] : User login: luong@gmail.com
2025-11-08 12:09:38 [info] : User logged in: luong
2025-11-08 12:09:38 [info] : User logged in: luong
2025-11-08 12:12:06 [info] : User login: luong@gmail.com
2025-11-08 12:12:06 [info] : User logged in: luong
2025-11-08 12:12:06 [info] : User logged in: luong
2025-11-08 12:14:57 [info] : User login: luong@gmail.com
2025-11-08 12:14:57 [info] : User logged in: luong
2025-11-08 12:14:57 [info] : User logged in: luong
2025-11-08 12:16:17 [info] : Server running in development mode at http://localhost:8080
2025-11-08 12:16:54 [info] : Server running in development mode at http://localhost:8080
2025-11-08 12:17:11 [info] : Server running in development mode at http://localhost:8080
2025-11-08 12:18:55 [info] : User login: luong@gmail.com
2025-11-08 12:18:55 [info] : User logged in: luong
2025-11-08 12:18:55 [info] : User logged in: luong
2025-11-08 13:25:09 [info] : User login: luong@gmail.com
2025-11-08 13:25:09 [info] : User logged in: luong
2025-11-08 13:25:09 [info] : User logged in: luong
2025-11-08 13:25:36 [info] : User login: luong@gmail.com
2025-11-08 13:25:36 [info] : User logged in: luong
2025-11-08 13:25:36 [info] : User logged in: luong
2025-11-08 13:30:47 [info] : User login: luong@gmail.com
2025-11-08 13:30:47 [info] : User logged in: luong
2025-11-08 13:30:47 [info] : User logged in: luong
2025-11-08 14:08:35 [info] : User login: luong@gmail.com
2025-11-08 14:08:35 [info] : User logged in: luong
2025-11-08 14:08:35 [info] : User logged in: luong
2025-11-08 14:10:20 [info] : User login: luong@gmail.com
2025-11-08 14:10:20 [info] : User logged in: luong
2025-11-08 14:10:20 [info] : User logged in: luong
2025-11-08 14:10:35 [info] : User login: luong@gmail.com
2025-11-08 14:10:35 [info] : User logged in: luong
2025-11-08 14:10:35 [info] : User logged in: luong
2025-11-08 15:11:21 [info] : User registered: luong123@gmail.com
2025-11-08 15:11:21 [info] : User registered: luong123@gmail.com
2025-11-08 15:13:32 [info] : User login: luong123@gmail.com
2025-11-08 15:13:32 [info] : User logged in: luong123
2025-11-08 15:13:32 [info] : User logged in: luong123
2025-11-08 15:15:03 [info] : User login: luong123@gmail.com
2025-11-08 15:15:03 [info] : User logged in: luong123
2025-11-08 15:15:03 [info] : User logged in: luong123
2025-11-08 16:25:08 [info] : Server running in development mode at http://localhost:8080
2025-11-08 17:02:39 [info] : Server running in development mode at http://localhost:8080
2025-11-08 17:03:09 [info] : Server running in development mode at http://localhost:8080
2025-11-08 17:03:15 [info] : Server running in development mode at http://localhost:8080
2025-11-08 17:03:56 [info] : Server running in development mode at http://localhost:8080
2025-11-08 17:04:02 [info] : Server running in development mode at http://localhost:8080
2025-11-08 17:04:08 [info] : Server running in development mode at http://localhost:8080
2025-11-08 17:04:13 [info] : Server running in development mode at http://localhost:8080
2025-11-08 17:04:19 [info] : Server running in development mode at http://localhost:8080
2025-11-08 17:04:25 [info] : Server running in development mode at http://localhost:8080
2025-11-08 17:04:35 [info] : Server running in development mode at http://localhost:8080
2025-11-08 17:05:58 [info] : Server running in development mode at http://localhost:8080
2025-11-08 17:06:15 [info] : Server running in development mode at http://localhost:8080
2025-11-08 17:06:19 [info] : Server running in development mode at http://localhost:8080
2025-11-08 17:06:29 [info] : Server running in development mode at http://localhost:8080
2025-11-08 17:06:39 [info] : Server running in development mode at http://localhost:8080
2025-11-08 17:06:46 [info] : Server running in development mode at http://localhost:8080
2025-11-08 17:07:15 [info] : Server running in development mode at http://localhost:8080
2025-11-08 17:07:29 [info] : Server running in development mode at http://localhost:8080
2025-11-08 17:07:38 [info] : Server running in development mode at http://localhost:8080
2025-11-08 17:07:49 [info] : Server running in development mode at http://localhost:8080
2025-11-08 17:07:57 [info] : Server running in development mode at http://localhost:8080
2025-11-08 17:11:13 [info] : Server running in development mode at http://localhost:8080
2025-11-08 17:11:18 [info] : Server running in development mode at http://localhost:8080
2025-11-08 17:11:43 [info] : Server running in development mode at http://localhost:8080
2025-11-08 17:11:54 [info] : Server running in development mode at http://localhost:8080
2025-11-08 17:13:14 [info] : Server running in development mode at http://localhost:8080
2025-11-08 17:13:42 [info] : Server running in development mode at http://localhost:8080
2025-11-08 17:15:06 [info] : Server running in development mode at http://localhost:8080
2025-11-08 17:15:27 [info] : Server running in development mode at http://localhost:8080
2025-11-08 17:15:34 [info] : Server running in development mode at http://localhost:8080
2025-11-08 17:15:39 [info] : Server running in development mode at http://localhost:8080
2025-11-08 17:16:06 [info] : Server running in development mode at http://localhost:8080
2025-11-08 17:31:52 [info] : Server running in development mode at http://localhost:8080
2025-11-08 17:34:42 [error] : ZodError: [
  {
    "origin": "string",
    "code": "invalid_format",
    "format": "uuid",
    "pattern": "/^([0-9a-fA-F]{8}-[0-9a-fA-F]{4}-[1-8][0-9a-fA-F]{3}-[89abAB][0-9a-fA-F]{3}-[0-9a-fA-F]{12}|00000000-0000-0000-0000-000000000000|ffffffff-ffff-ffff-ffff-ffffffffffff)$/",
    "path": [
      "userId"
    ],
    "message": "Invalid UUID"
  }
]
    at new ZodError (file:///D:/Projects/WebsiteLookBookBanQuanAoExpressjsNextjs/backend/node_modules/zod/v4/core/core.js:30:39)
    at Module.<anonymous> (file:///D:/Projects/WebsiteLookBookBanQuanAoExpressjsNextjs/backend/node_modules/zod/v4/core/parse.js:53:20)
    at inst.safeParseAsync (file:///D:/Projects/WebsiteLookBookBanQuanAoExpressjsNextjs/backend/node_modules/zod/v4/classic/schemas.js:30:57)
    at <anonymous> (D:\Projects\WebsiteLookBookBanQuanAoExpressjsNextjs\backend\src\middlewares\validate-request.middleware.ts:9:33)
    at Layer.handleRequest (D:\Projects\WebsiteLookBookBanQuanAoExpressjsNextjs\backend\node_modules\router\lib\layer.js:152:17)
    at next (D:\Projects\WebsiteLookBookBanQuanAoExpressjsNextjs\backend\node_modules\router\lib\route.js:157:13)
    at Route.dispatch (D:\Projects\WebsiteLookBookBanQuanAoExpressjsNextjs\backend\node_modules\router\lib\route.js:117:3)
    at handle (D:\Projects\WebsiteLookBookBanQuanAoExpressjsNextjs\backend\node_modules\router\index.js:435:11)
    at Layer.handleRequest (D:\Projects\WebsiteLookBookBanQuanAoExpressjsNextjs\backend\node_modules\router\lib\layer.js:152:17)
    at D:\Projects\WebsiteLookBookBanQuanAoExpressjsNextjs\backend\node_modules\router\index.js:295:15
2025-11-08 17:34:42 [error] : ZodError: [
  {
    "origin": "string",
    "code": "invalid_format",
    "format": "uuid",
    "pattern": "/^([0-9a-fA-F]{8}-[0-9a-fA-F]{4}-[1-8][0-9a-fA-F]{3}-[89abAB][0-9a-fA-F]{3}-[0-9a-fA-F]{12}|00000000-0000-0000-0000-000000000000|ffffffff-ffff-ffff-ffff-ffffffffffff)$/",
    "path": [
      "userId"
    ],
    "message": "Invalid UUID"
  }
]
    at new ZodError (file:///D:/Projects/WebsiteLookBookBanQuanAoExpressjsNextjs/backend/node_modules/zod/v4/core/core.js:30:39)
    at Module.<anonymous> (file:///D:/Projects/WebsiteLookBookBanQuanAoExpressjsNextjs/backend/node_modules/zod/v4/core/parse.js:53:20)
    at inst.safeParseAsync (file:///D:/Projects/WebsiteLookBookBanQuanAoExpressjsNextjs/backend/node_modules/zod/v4/classic/schemas.js:30:57)
    at <anonymous> (D:\Projects\WebsiteLookBookBanQuanAoExpressjsNextjs\backend\src\middlewares\validate-request.middleware.ts:9:33)
    at Layer.handleRequest (D:\Projects\WebsiteLookBookBanQuanAoExpressjsNextjs\backend\node_modules\router\lib\layer.js:152:17)
    at next (D:\Projects\WebsiteLookBookBanQuanAoExpressjsNextjs\backend\node_modules\router\lib\route.js:157:13)
    at Route.dispatch (D:\Projects\WebsiteLookBookBanQuanAoExpressjsNextjs\backend\node_modules\router\lib\route.js:117:3)
    at handle (D:\Projects\WebsiteLookBookBanQuanAoExpressjsNextjs\backend\node_modules\router\index.js:435:11)
    at Layer.handleRequest (D:\Projects\WebsiteLookBookBanQuanAoExpressjsNextjs\backend\node_modules\router\lib\layer.js:152:17)
    at D:\Projects\WebsiteLookBookBanQuanAoExpressjsNextjs\backend\node_modules\router\index.js:295:15
2025-11-08 17:35:57 [info] : Server running in development mode at http://localhost:8080
2025-11-08 17:45:57 [info] : Server running in development mode at http://localhost:8080
2025-11-08 17:46:36 [info] : Server running in development mode at http://localhost:8080
