2025-11-07 10:46:55 [info] : Server running in development mode at http://localhost:8080
2025-11-07 10:54:18 [info] : files length: 2
2025-11-07 11:09:21 [info] : Server running in development mode at http://localhost:8080
2025-11-07 11:16:03 [info] : Server running in development mode at http://localhost:8080
2025-11-07 11:16:38 [info] : User login: luong@gmail.com
2025-11-07 11:16:38 [info] : User logged in: luong
2025-11-07 11:16:38 [info] : User logged in: luong
2025-11-07 11:30:42 [info] : Server running in development mode at http://localhost:8080
2025-11-07 20:36:27 [info] : Server running in development mode at http://localhost:8080
2025-11-07 21:08:51 [info] : Server running in development mode at http://localhost:8080
2025-11-07 21:09:00 [info] : Server running in development mode at http://localhost:8080
2025-11-07 21:09:12 [info] : Server running in development mode at http://localhost:8080
2025-11-07 21:09:22 [info] : Server running in development mode at http://localhost:8080
2025-11-07 21:09:29 [info] : Server running in development mode at http://localhost:8080
2025-11-07 21:09:40 [info] : Server running in development mode at http://localhost:8080
2025-11-07 21:09:45 [info] : Server running in development mode at http://localhost:8080
2025-11-07 21:10:02 [info] : Server running in development mode at http://localhost:8080
2025-11-07 21:10:09 [info] : Server running in development mode at http://localhost:8080
2025-11-07 21:10:15 [info] : Server running in development mode at http://localhost:8080
2025-11-07 21:10:31 [info] : Server running in development mode at http://localhost:8080
2025-11-07 21:10:36 [info] : Server running in development mode at http://localhost:8080
2025-11-07 21:10:42 [info] : Server running in development mode at http://localhost:8080
2025-11-07 21:10:48 [info] : Server running in development mode at http://localhost:8080
2025-11-07 21:11:11 [info] : Server running in development mode at http://localhost:8080
2025-11-07 21:11:29 [info] : Server running in development mode at http://localhost:8080
2025-11-07 21:11:43 [info] : Server running in development mode at http://localhost:8080
2025-11-07 21:11:52 [info] : Server running in development mode at http://localhost:8080
2025-11-07 21:11:58 [info] : Server running in development mode at http://localhost:8080
2025-11-07 21:12:01 [info] : Server running in development mode at http://localhost:8080
2025-11-07 21:12:09 [info] : Server running in development mode at http://localhost:8080
2025-11-07 21:12:32 [info] : Server running in development mode at http://localhost:8080
2025-11-07 21:12:38 [info] : Server running in development mode at http://localhost:8080
2025-11-07 21:12:41 [info] : Server running in development mode at http://localhost:8080
2025-11-07 21:12:47 [info] : Server running in development mode at http://localhost:8080
2025-11-07 21:12:50 [info] : Server running in development mode at http://localhost:8080
2025-11-07 21:13:03 [info] : Server running in development mode at http://localhost:8080
2025-11-07 21:13:25 [info] : Server running in development mode at http://localhost:8080
2025-11-07 21:13:28 [info] : Server running in development mode at http://localhost:8080
2025-11-07 21:13:41 [info] : Server running in development mode at http://localhost:8080
2025-11-07 21:13:46 [info] : Server running in development mode at http://localhost:8080
2025-11-07 21:13:51 [info] : Server running in development mode at http://localhost:8080
2025-11-07 21:13:55 [info] : Server running in development mode at http://localhost:8080
2025-11-07 21:14:00 [info] : Server running in development mode at http://localhost:8080
2025-11-07 21:14:04 [info] : Server running in development mode at http://localhost:8080
2025-11-07 21:14:13 [info] : Server running in development mode at http://localhost:8080
2025-11-07 21:14:16 [info] : Server running in development mode at http://localhost:8080
2025-11-07 21:14:31 [info] : Server running in development mode at http://localhost:8080
2025-11-07 21:14:38 [info] : Server running in development mode at http://localhost:8080
2025-11-07 21:15:20 [info] : Server running in development mode at http://localhost:8080
2025-11-07 21:15:40 [info] : Server running in development mode at http://localhost:8080
2025-11-07 21:17:49 [info] : Server running in development mode at http://localhost:8080
2025-11-07 21:22:51 [info] : Server running in development mode at http://localhost:8080
2025-11-07 21:55:22 [info] : Server running in development mode at http://localhost:8080
2025-11-07 21:55:39 [info] : Server running in development mode at http://localhost:8080
2025-11-07 21:56:20 [info] : Server running in development mode at http://localhost:8080
2025-11-07 21:56:46 [info] : Server running in development mode at http://localhost:8080
2025-11-07 21:56:51 [info] : Server running in development mode at http://localhost:8080
2025-11-07 21:57:01 [info] : Server running in development mode at http://localhost:8080
2025-11-07 21:57:17 [info] : Server running in development mode at http://localhost:8080
2025-11-07 21:57:50 [info] : Server running in development mode at http://localhost:8080
2025-11-07 21:58:28 [info] : Server running in development mode at http://localhost:8080
2025-11-07 21:58:35 [info] : Server running in development mode at http://localhost:8080
2025-11-07 21:58:40 [info] : Server running in development mode at http://localhost:8080
2025-11-07 22:01:22 [info] : Server running in development mode at http://localhost:8080
2025-11-07 22:04:05 [info] : Server running in development mode at http://localhost:8080
2025-11-07 22:04:13 [info] : Server running in development mode at http://localhost:8080
2025-11-07 22:04:19 [info] : Server running in development mode at http://localhost:8080
2025-11-07 22:04:30 [info] : Server running in development mode at http://localhost:8080
2025-11-07 22:04:35 [info] : Server running in development mode at http://localhost:8080
2025-11-07 22:04:40 [info] : Server running in development mode at http://localhost:8080
2025-11-07 22:04:43 [info] : Server running in development mode at http://localhost:8080
2025-11-07 22:05:52 [info] : Server running in development mode at http://localhost:8080
2025-11-07 22:06:32 [info] : Server running in development mode at http://localhost:8080
2025-11-07 22:06:36 [info] : Server running in development mode at http://localhost:8080
2025-11-07 22:07:00 [info] : Server running in development mode at http://localhost:8080
2025-11-07 22:08:52 [info] : Server running in development mode at http://localhost:8080
2025-11-07 22:09:03 [info] : Server running in development mode at http://localhost:8080
2025-11-07 22:09:09 [info] : Server running in development mode at http://localhost:8080
2025-11-07 22:09:55 [info] : Server running in development mode at http://localhost:8080
2025-11-07 22:11:52 [info] : Server running in development mode at http://localhost:8080
2025-11-07 22:12:30 [info] : Server running in development mode at http://localhost:8080
2025-11-07 22:13:20 [info] : Server running in development mode at http://localhost:8080
2025-11-07 22:13:38 [info] : Server running in development mode at http://localhost:8080
2025-11-07 22:13:44 [info] : Server running in development mode at http://localhost:8080
2025-11-07 22:13:48 [info] : Server running in development mode at http://localhost:8080
2025-11-07 22:14:24 [info] : Server running in development mode at http://localhost:8080
2025-11-07 22:14:43 [info] : Server running in development mode at http://localhost:8080
2025-11-07 22:14:48 [info] : Server running in development mode at http://localhost:8080
2025-11-07 22:45:52 [info] : Server running in development mode at http://localhost:8080
2025-11-07 22:46:02 [info] : Server running in development mode at http://localhost:8080
2025-11-07 22:46:10 [info] : Server running in development mode at http://localhost:8080
2025-11-07 22:46:17 [info] : Server running in development mode at http://localhost:8080
2025-11-07 22:46:22 [info] : Server running in development mode at http://localhost:8080
2025-11-07 22:46:36 [info] : Server running in development mode at http://localhost:8080
2025-11-07 22:46:48 [info] : Server running in development mode at http://localhost:8080
2025-11-07 22:47:24 [info] : Server running in development mode at http://localhost:8080
2025-11-07 22:47:34 [info] : Server running in development mode at http://localhost:8080
2025-11-07 22:48:20 [info] : Server running in development mode at http://localhost:8080
2025-11-07 22:50:54 [info] : Server running in development mode at http://localhost:8080
2025-11-07 22:51:07 [info] : Server running in development mode at http://localhost:8080
2025-11-07 22:51:20 [info] : Server running in development mode at http://localhost:8080
2025-11-07 22:57:10 [info] : Server running in development mode at http://localhost:8080
2025-11-07 22:57:14 [info] : Server running in development mode at http://localhost:8080
2025-11-07 22:57:46 [info] : Server running in development mode at http://localhost:8080
2025-11-07 22:57:52 [info] : Server running in development mode at http://localhost:8080
2025-11-07 22:57:55 [info] : Server running in development mode at http://localhost:8080
2025-11-07 22:58:00 [info] : Server running in development mode at http://localhost:8080
2025-11-07 22:58:08 [info] : Server running in development mode at http://localhost:8080
2025-11-07 22:58:14 [info] : Server running in development mode at http://localhost:8080
2025-11-07 22:58:19 [info] : Server running in development mode at http://localhost:8080
2025-11-07 22:58:38 [info] : Server running in development mode at http://localhost:8080
2025-11-07 22:58:41 [info] : Server running in development mode at http://localhost:8080
2025-11-07 22:58:48 [info] : Server running in development mode at http://localhost:8080
2025-11-07 22:58:53 [info] : Server running in development mode at http://localhost:8080
2025-11-07 22:59:09 [info] : Server running in development mode at http://localhost:8080
2025-11-07 22:59:15 [info] : Server running in development mode at http://localhost:8080
2025-11-07 22:59:33 [info] : Server running in development mode at http://localhost:8080
2025-11-07 22:59:49 [info] : Server running in development mode at http://localhost:8080
2025-11-07 22:59:59 [info] : Server running in development mode at http://localhost:8080
2025-11-07 23:00:23 [info] : Server running in development mode at http://localhost:8080
2025-11-07 23:00:55 [info] : Server running in development mode at http://localhost:8080
2025-11-07 23:01:03 [info] : Server running in development mode at http://localhost:8080
2025-11-07 23:01:18 [info] : Server running in development mode at http://localhost:8080
2025-11-07 23:01:24 [info] : Server running in development mode at http://localhost:8080
2025-11-07 23:01:28 [info] : Server running in development mode at http://localhost:8080
2025-11-07 23:01:42 [info] : Server running in development mode at http://localhost:8080
2025-11-07 23:02:52 [info] : Server running in development mode at http://localhost:8080
2025-11-07 23:02:56 [info] : Server running in development mode at http://localhost:8080
2025-11-07 23:03:05 [info] : Server running in development mode at http://localhost:8080
2025-11-07 23:05:53 [info] : Server running in development mode at http://localhost:8080
2025-11-07 23:12:30 [info] : Server running in development mode at http://localhost:8080
2025-11-07 23:12:51 [info] : Server running in development mode at http://localhost:8080
2025-11-07 23:30:36 [info] : Server running in development mode at http://localhost:8080
2025-11-07 23:30:40 [info] : Server running in development mode at http://localhost:8080
2025-11-07 23:30:43 [error] : ZodError: [
  {
    "origin": "string",
    "code": "invalid_format",
    "format": "email",
    "pattern": "/^(?!\\.)(?!.*\\.\\.)([A-Za-z0-9_'+\\-\\.]*)[A-Za-z0-9_+-]@([A-Za-z0-9][A-Za-z0-9\\-]*\\.)+[A-Za-z]{2,}$/",
    "path": [
      "username"
    ],
    "message": "Invalid email address"
  }
]
    at new ZodError (file:///D:/Projects/WebsiteLookBookBanQuanAoExpressjsNextjs/backend/node_modules/zod/v4/core/core.js:30:39)
    at Module.<anonymous> (file:///D:/Projects/WebsiteLookBookBanQuanAoExpressjsNextjs/backend/node_modules/zod/v4/core/parse.js:53:20)
    at inst.safeParseAsync (file:///D:/Projects/WebsiteLookBookBanQuanAoExpressjsNextjs/backend/node_modules/zod/v4/classic/schemas.js:30:57)
    at <anonymous> (D:\Projects\WebsiteLookBookBanQuanAoExpressjsNextjs\backend\src\middlewares\validate-request.middleware.ts:9:33)
    at Layer.handleRequest (D:\Projects\WebsiteLookBookBanQuanAoExpressjsNextjs\backend\node_modules\router\lib\layer.js:152:17)
    at next (D:\Projects\WebsiteLookBookBanQuanAoExpressjsNextjs\backend\node_modules\router\lib\route.js:157:13)
    at Route.dispatch (D:\Projects\WebsiteLookBookBanQuanAoExpressjsNextjs\backend\node_modules\router\lib\route.js:117:3)
    at handle (D:\Projects\WebsiteLookBookBanQuanAoExpressjsNextjs\backend\node_modules\router\index.js:435:11)
    at Layer.handleRequest (D:\Projects\WebsiteLookBookBanQuanAoExpressjsNextjs\backend\node_modules\router\lib\layer.js:152:17)
    at D:\Projects\WebsiteLookBookBanQuanAoExpressjsNextjs\backend\node_modules\router\index.js:295:15
2025-11-07 23:31:15 [info] : Server running in development mode at http://localhost:8080
2025-11-07 23:31:17 [info] : User login: luong@gmail.com
2025-11-07 23:31:17 [info] : User logged in: luong
2025-11-07 23:31:17 [info] : User logged in: luong
2025-11-07 23:31:44 [info] : User login: luong@gmail.com
2025-11-07 23:31:44 [info] : User logged in: luong
2025-11-07 23:31:44 [info] : User logged in: luong
2025-11-07 23:39:05 [info] : User login: luong@gmail.com
2025-11-07 23:39:05 [info] : User logged in: luong
2025-11-07 23:39:05 [info] : User logged in: luong
