2025-11-10 10:21:55 [info] : Server running in development mode at http://localhost:8080
2025-11-10 10:23:27 [info] : undefined
2025-11-10 10:23:39 [info] : undefined
2025-11-10 10:23:40 [info] : User login: luong123@gmail.com
2025-11-10 10:23:40 [info] : User logged in: luong123
2025-11-10 10:23:40 [info] : User logged in: luong123
2025-11-10 10:23:51 [info] : "eyJhbGciOiJIUzI1NiIsInR5cCI6IkpXVCJ9.eyJ1c2VySWQiOiJhZWUzYmVhMC1iZDExLTRjMzYtODYwOC02YWFiZGZhZjE3NzkiLCJ1c2VybmFtZSI6Imx1b25nMTIzIiwiZW1haWwiOiJsdW9uZzEyM0BnbWFpbC5jb20iLCJyb2xlIjoiQ1VTVE9NRVIiLCJpYXQiOjE3NjI3NDUwMjAsImV4cCI6MTc2MzY0NTAyMH0.99oSfkYxsoz4aNYWqKqwTOBex0CFQUanh2fbTZuAW-w"
2025-11-10 10:23:52 [info] : "eyJhbGciOiJIUzI1NiIsInR5cCI6IkpXVCJ9.eyJ1c2VySWQiOiJhZWUzYmVhMC1iZDExLTRjMzYtODYwOC02YWFiZGZhZjE3NzkiLCJ1c2VybmFtZSI6Imx1b25nMTIzIiwiZW1haWwiOiJsdW9uZzEyM0BnbWFpbC5jb20iLCJyb2xlIjoiQ1VTVE9NRVIiLCJpYXQiOjE3NjI3NDUwMjAsImV4cCI6MTc2MzY0NTAyMH0.99oSfkYxsoz4aNYWqKqwTOBex0CFQUanh2fbTZuAW-w"
2025-11-10 10:25:16 [info] : Server running in development mode at http://localhost:8080
2025-11-10 10:26:03 [info] : Server running in development mode at http://localhost:8080
2025-11-10 10:26:08 [info] : Server running in development mode at http://localhost:8080
2025-11-10 10:26:58 [info] : Server running in development mode at http://localhost:8080
2025-11-10 10:27:06 [info] : Server running in development mode at http://localhost:8080
2025-11-10 10:27:09 [info] : Server running in development mode at http://localhost:8080
2025-11-10 10:27:12 [info] : Server running in development mode at http://localhost:8080
2025-11-10 10:27:21 [info] : Server running in development mode at http://localhost:8080
2025-11-10 10:27:49 [info] : Server running in development mode at http://localhost:8080
2025-11-10 10:27:56 [info] : Server running in development mode at http://localhost:8080
2025-11-10 10:27:58 [info] : Server running in development mode at http://localhost:8080
2025-11-10 10:28:02 [info] : Server running in development mode at http://localhost:8080
2025-11-10 10:28:11 [info] : Server running in development mode at http://localhost:8080
2025-11-10 10:28:15 [info] : Server running in development mode at http://localhost:8080
2025-11-10 10:28:18 [info] : Server running in development mode at http://localhost:8080
2025-11-10 10:28:19 [info] : Server running in development mode at http://localhost:8080
2025-11-10 10:28:37 [info] : Server running in development mode at http://localhost:8080
2025-11-10 10:28:53 [info] : Server running in development mode at http://localhost:8080
2025-11-10 10:28:56 [info] : Server running in development mode at http://localhost:8080
2025-11-10 10:29:02 [info] : Server running in development mode at http://localhost:8080
2025-11-10 10:29:12 [info] : Server running in development mode at http://localhost:8080
2025-11-10 10:29:16 [info] : Server running in development mode at http://localhost:8080
2025-11-10 10:29:18 [info] : Server running in development mode at http://localhost:8080
2025-11-10 10:41:48 [info] : Server running in development mode at http://localhost:8080
2025-11-10 10:41:52 [info] : Server running in development mode at http://localhost:8080
2025-11-10 10:41:53 [info] : Server running in development mode at http://localhost:8080
2025-11-10 10:42:02 [info] : Server running in development mode at http://localhost:8080
2025-11-10 10:42:07 [info] : Server running in development mode at http://localhost:8080
2025-11-10 10:42:12 [info] : Server running in development mode at http://localhost:8080
2025-11-10 10:45:31 [info] : Server running in development mode at http://localhost:8080
2025-11-10 11:15:12 [info] : Server running in development mode at http://localhost:8080
2025-11-10 11:16:56 [info] : Server running in development mode at http://localhost:8080
2025-11-10 11:16:59 [info] : Server running in development mode at http://localhost:8080
2025-11-10 11:17:19 [info] : Server running in development mode at http://localhost:8080
2025-11-10 11:17:21 [info] : Server running in development mode at http://localhost:8080
2025-11-10 11:17:26 [info] : Server running in development mode at http://localhost:8080
2025-11-10 11:17:30 [info] : Server running in development mode at http://localhost:8080
2025-11-10 11:17:36 [info] : Server running in development mode at http://localhost:8080
2025-11-10 11:17:38 [info] : Server running in development mode at http://localhost:8080
2025-11-10 11:17:43 [info] : Server running in development mode at http://localhost:8080
2025-11-10 11:17:55 [info] : Server running in development mode at http://localhost:8080
2025-11-10 11:18:19 [info] : Server running in development mode at http://localhost:8080
2025-11-10 11:18:29 [info] : Server running in development mode at http://localhost:8080
2025-11-10 11:18:39 [info] : Server running in development mode at http://localhost:8080
2025-11-10 11:18:42 [info] : Server running in development mode at http://localhost:8080
2025-11-10 11:19:18 [info] : Server running in development mode at http://localhost:8080
2025-11-10 11:19:28 [info] : Server running in development mode at http://localhost:8080
2025-11-10 11:19:35 [info] : Server running in development mode at http://localhost:8080
2025-11-10 11:19:45 [info] : Server running in development mode at http://localhost:8080
2025-11-10 11:20:13 [info] : Server running in development mode at http://localhost:8080
2025-11-10 11:20:17 [info] : Server running in development mode at http://localhost:8080
2025-11-10 11:20:20 [info] : Server running in development mode at http://localhost:8080
2025-11-10 11:20:24 [info] : Server running in development mode at http://localhost:8080
2025-11-10 11:20:27 [info] : Server running in development mode at http://localhost:8080
2025-11-10 11:20:31 [info] : Server running in development mode at http://localhost:8080
2025-11-10 11:20:37 [info] : Server running in development mode at http://localhost:8080
2025-11-10 11:21:02 [info] : Server running in development mode at http://localhost:8080
2025-11-10 11:21:17 [info] : Server running in development mode at http://localhost:8080
2025-11-10 11:21:26 [info] : Server running in development mode at http://localhost:8080
2025-11-10 11:21:38 [info] : Server running in development mode at http://localhost:8080
2025-11-10 11:21:42 [info] : Server running in development mode at http://localhost:8080
2025-11-10 11:21:48 [info] : Server running in development mode at http://localhost:8080
2025-11-10 11:29:11 [info] : undefined
2025-11-10 11:29:11 [info] : User login: luong123@gmail.com
2025-11-10 11:29:11 [info] : User logged in: luong123
2025-11-10 11:29:11 [info] : User logged in: luong123
2025-11-10 11:29:16 [info] : "eyJhbGciOiJIUzI1NiIsInR5cCI6IkpXVCJ9.eyJ1c2VySWQiOiJhZWUzYmVhMC1iZDExLTRjMzYtODYwOC02YWFiZGZhZjE3NzkiLCJ1c2VybmFtZSI6Imx1b25nMTIzIiwiZW1haWwiOiJsdW9uZzEyM0BnbWFpbC5jb20iLCJyb2xlIjoiQ1VTVE9NRVIiLCJpYXQiOjE3NjI3NDg5NTEsImV4cCI6MTc2MzY0ODk1MX0.Pzo0PLjbsTmQU1DJi0eUejYDhnUjpAqO9g73O0wJ3pk"
2025-11-10 11:29:16 [info] : "eyJhbGciOiJIUzI1NiIsInR5cCI6IkpXVCJ9.eyJ1c2VySWQiOiJhZWUzYmVhMC1iZDExLTRjMzYtODYwOC02YWFiZGZhZjE3NzkiLCJ1c2VybmFtZSI6Imx1b25nMTIzIiwiZW1haWwiOiJsdW9uZzEyM0BnbWFpbC5jb20iLCJyb2xlIjoiQ1VTVE9NRVIiLCJpYXQiOjE3NjI3NDg5NTEsImV4cCI6MTc2MzY0ODk1MX0.Pzo0PLjbsTmQU1DJi0eUejYDhnUjpAqO9g73O0wJ3pk"
2025-11-10 11:30:36 [info] : "eyJhbGciOiJIUzI1NiIsInR5cCI6IkpXVCJ9.eyJ1c2VySWQiOiJhZWUzYmVhMC1iZDExLTRjMzYtODYwOC02YWFiZGZhZjE3NzkiLCJ1c2VybmFtZSI6Imx1b25nMTIzIiwiZW1haWwiOiJsdW9uZzEyM0BnbWFpbC5jb20iLCJyb2xlIjoiQ1VTVE9NRVIiLCJpYXQiOjE3NjI3NDg5NTEsImV4cCI6MTc2MzY0ODk1MX0.Pzo0PLjbsTmQU1DJi0eUejYDhnUjpAqO9g73O0wJ3pk"
2025-11-10 11:33:26 [info] : "eyJhbGciOiJIUzI1NiIsInR5cCI6IkpXVCJ9.eyJ1c2VySWQiOiJhZWUzYmVhMC1iZDExLTRjMzYtODYwOC02YWFiZGZhZjE3NzkiLCJ1c2VybmFtZSI6Imx1b25nMTIzIiwiZW1haWwiOiJsdW9uZzEyM0BnbWFpbC5jb20iLCJyb2xlIjoiQ1VTVE9NRVIiLCJpYXQiOjE3NjI3NDg5NTEsImV4cCI6MTc2MzY0ODk1MX0.Pzo0PLjbsTmQU1DJi0eUejYDhnUjpAqO9g73O0wJ3pk"
2025-11-10 11:33:26 [info] : "eyJhbGciOiJIUzI1NiIsInR5cCI6IkpXVCJ9.eyJ1c2VySWQiOiJhZWUzYmVhMC1iZDExLTRjMzYtODYwOC02YWFiZGZhZjE3NzkiLCJ1c2VybmFtZSI6Imx1b25nMTIzIiwiZW1haWwiOiJsdW9uZzEyM0BnbWFpbC5jb20iLCJyb2xlIjoiQ1VTVE9NRVIiLCJpYXQiOjE3NjI3NDg5NTEsImV4cCI6MTc2MzY0ODk1MX0.Pzo0PLjbsTmQU1DJi0eUejYDhnUjpAqO9g73O0wJ3pk"
2025-11-10 11:33:39 [info] : "eyJhbGciOiJIUzI1NiIsInR5cCI6IkpXVCJ9.eyJ1c2VySWQiOiJhZWUzYmVhMC1iZDExLTRjMzYtODYwOC02YWFiZGZhZjE3NzkiLCJ1c2VybmFtZSI6Imx1b25nMTIzIiwiZW1haWwiOiJsdW9uZzEyM0BnbWFpbC5jb20iLCJyb2xlIjoiQ1VTVE9NRVIiLCJpYXQiOjE3NjI3NDg5NTEsImV4cCI6MTc2MzY0ODk1MX0.Pzo0PLjbsTmQU1DJi0eUejYDhnUjpAqO9g73O0wJ3pk"
2025-11-10 11:33:39 [info] : "eyJhbGciOiJIUzI1NiIsInR5cCI6IkpXVCJ9.eyJ1c2VySWQiOiJhZWUzYmVhMC1iZDExLTRjMzYtODYwOC02YWFiZGZhZjE3NzkiLCJ1c2VybmFtZSI6Imx1b25nMTIzIiwiZW1haWwiOiJsdW9uZzEyM0BnbWFpbC5jb20iLCJyb2xlIjoiQ1VTVE9NRVIiLCJpYXQiOjE3NjI3NDg5NTEsImV4cCI6MTc2MzY0ODk1MX0.Pzo0PLjbsTmQU1DJi0eUejYDhnUjpAqO9g73O0wJ3pk"
2025-11-10 11:33:41 [info] : "eyJhbGciOiJIUzI1NiIsInR5cCI6IkpXVCJ9.eyJ1c2VySWQiOiJhZWUzYmVhMC1iZDExLTRjMzYtODYwOC02YWFiZGZhZjE3NzkiLCJ1c2VybmFtZSI6Imx1b25nMTIzIiwiZW1haWwiOiJsdW9uZzEyM0BnbWFpbC5jb20iLCJyb2xlIjoiQ1VTVE9NRVIiLCJpYXQiOjE3NjI3NDg5NTEsImV4cCI6MTc2MzY0ODk1MX0.Pzo0PLjbsTmQU1DJi0eUejYDhnUjpAqO9g73O0wJ3pk"
2025-11-10 11:34:58 [info] : 🧹 Files to delete: ["a2cfe178-700b-47fa-b8dc-4e6005d0b1be.jpg","db03ee8f-2ce3-4851-80a3-7ee3dc88ed49.png"]
2025-11-10 11:34:58 [info] : 🖼️ Uploaded files: OIP (1).jpg, OIP.jpg
2025-11-10 11:35:10 [info] : "eyJhbGciOiJIUzI1NiIsInR5cCI6IkpXVCJ9.eyJ1c2VySWQiOiJhZWUzYmVhMC1iZDExLTRjMzYtODYwOC02YWFiZGZhZjE3NzkiLCJ1c2VybmFtZSI6Imx1b25nMTIzIiwiZW1haWwiOiJsdW9uZzEyM0BnbWFpbC5jb20iLCJyb2xlIjoiQ1VTVE9NRVIiLCJpYXQiOjE3NjI3NDg5NTEsImV4cCI6MTc2MzY0ODk1MX0.Pzo0PLjbsTmQU1DJi0eUejYDhnUjpAqO9g73O0wJ3pk"
2025-11-10 11:35:10 [info] : "eyJhbGciOiJIUzI1NiIsInR5cCI6IkpXVCJ9.eyJ1c2VySWQiOiJhZWUzYmVhMC1iZDExLTRjMzYtODYwOC02YWFiZGZhZjE3NzkiLCJ1c2VybmFtZSI6Imx1b25nMTIzIiwiZW1haWwiOiJsdW9uZzEyM0BnbWFpbC5jb20iLCJyb2xlIjoiQ1VTVE9NRVIiLCJpYXQiOjE3NjI3NDg5NTEsImV4cCI6MTc2MzY0ODk1MX0.Pzo0PLjbsTmQU1DJi0eUejYDhnUjpAqO9g73O0wJ3pk"
2025-11-10 11:35:24 [info] : "eyJhbGciOiJIUzI1NiIsInR5cCI6IkpXVCJ9.eyJ1c2VySWQiOiJhZWUzYmVhMC1iZDExLTRjMzYtODYwOC02YWFiZGZhZjE3NzkiLCJ1c2VybmFtZSI6Imx1b25nMTIzIiwiZW1haWwiOiJsdW9uZzEyM0BnbWFpbC5jb20iLCJyb2xlIjoiQ1VTVE9NRVIiLCJpYXQiOjE3NjI3NDg5NTEsImV4cCI6MTc2MzY0ODk1MX0.Pzo0PLjbsTmQU1DJi0eUejYDhnUjpAqO9g73O0wJ3pk"
2025-11-10 11:35:24 [info] : "eyJhbGciOiJIUzI1NiIsInR5cCI6IkpXVCJ9.eyJ1c2VySWQiOiJhZWUzYmVhMC1iZDExLTRjMzYtODYwOC02YWFiZGZhZjE3NzkiLCJ1c2VybmFtZSI6Imx1b25nMTIzIiwiZW1haWwiOiJsdW9uZzEyM0BnbWFpbC5jb20iLCJyb2xlIjoiQ1VTVE9NRVIiLCJpYXQiOjE3NjI3NDg5NTEsImV4cCI6MTc2MzY0ODk1MX0.Pzo0PLjbsTmQU1DJi0eUejYDhnUjpAqO9g73O0wJ3pk"
2025-11-10 11:35:48 [info] : files length: 1
2025-11-10 11:39:57 [info] : "eyJhbGciOiJIUzI1NiIsInR5cCI6IkpXVCJ9.eyJ1c2VySWQiOiJhZWUzYmVhMC1iZDExLTRjMzYtODYwOC02YWFiZGZhZjE3NzkiLCJ1c2VybmFtZSI6Imx1b25nMTIzIiwiZW1haWwiOiJsdW9uZzEyM0BnbWFpbC5jb20iLCJyb2xlIjoiQ1VTVE9NRVIiLCJpYXQiOjE3NjI3NDg5NTEsImV4cCI6MTc2MzY0ODk1MX0.Pzo0PLjbsTmQU1DJi0eUejYDhnUjpAqO9g73O0wJ3pk"
2025-11-10 11:39:57 [info] : "eyJhbGciOiJIUzI1NiIsInR5cCI6IkpXVCJ9.eyJ1c2VySWQiOiJhZWUzYmVhMC1iZDExLTRjMzYtODYwOC02YWFiZGZhZjE3NzkiLCJ1c2VybmFtZSI6Imx1b25nMTIzIiwiZW1haWwiOiJsdW9uZzEyM0BnbWFpbC5jb20iLCJyb2xlIjoiQ1VTVE9NRVIiLCJpYXQiOjE3NjI3NDg5NTEsImV4cCI6MTc2MzY0ODk1MX0.Pzo0PLjbsTmQU1DJi0eUejYDhnUjpAqO9g73O0wJ3pk"
2025-11-10 11:40:24 [info] : "eyJhbGciOiJIUzI1NiIsInR5cCI6IkpXVCJ9.eyJ1c2VySWQiOiJhZWUzYmVhMC1iZDExLTRjMzYtODYwOC02YWFiZGZhZjE3NzkiLCJ1c2VybmFtZSI6Imx1b25nMTIzIiwiZW1haWwiOiJsdW9uZzEyM0BnbWFpbC5jb20iLCJyb2xlIjoiQ1VTVE9NRVIiLCJpYXQiOjE3NjI3NDg5NTEsImV4cCI6MTc2MzY0ODk1MX0.Pzo0PLjbsTmQU1DJi0eUejYDhnUjpAqO9g73O0wJ3pk"
2025-11-10 11:40:29 [info] : "eyJhbGciOiJIUzI1NiIsInR5cCI6IkpXVCJ9.eyJ1c2VySWQiOiJhZWUzYmVhMC1iZDExLTRjMzYtODYwOC02YWFiZGZhZjE3NzkiLCJ1c2VybmFtZSI6Imx1b25nMTIzIiwiZW1haWwiOiJsdW9uZzEyM0BnbWFpbC5jb20iLCJyb2xlIjoiQ1VTVE9NRVIiLCJpYXQiOjE3NjI3NDg5NTEsImV4cCI6MTc2MzY0ODk1MX0.Pzo0PLjbsTmQU1DJi0eUejYDhnUjpAqO9g73O0wJ3pk"
2025-11-10 11:41:03 [info] : "eyJhbGciOiJIUzI1NiIsInR5cCI6IkpXVCJ9.eyJ1c2VySWQiOiJhZWUzYmVhMC1iZDExLTRjMzYtODYwOC02YWFiZGZhZjE3NzkiLCJ1c2VybmFtZSI6Imx1b25nMTIzIiwiZW1haWwiOiJsdW9uZzEyM0BnbWFpbC5jb20iLCJyb2xlIjoiQ1VTVE9NRVIiLCJpYXQiOjE3NjI3NDg5NTEsImV4cCI6MTc2MzY0ODk1MX0.Pzo0PLjbsTmQU1DJi0eUejYDhnUjpAqO9g73O0wJ3pk"
2025-11-10 11:41:16 [info] : "eyJhbGciOiJIUzI1NiIsInR5cCI6IkpXVCJ9.eyJ1c2VySWQiOiJhZWUzYmVhMC1iZDExLTRjMzYtODYwOC02YWFiZGZhZjE3NzkiLCJ1c2VybmFtZSI6Imx1b25nMTIzIiwiZW1haWwiOiJsdW9uZzEyM0BnbWFpbC5jb20iLCJyb2xlIjoiQ1VTVE9NRVIiLCJpYXQiOjE3NjI3NDg5NTEsImV4cCI6MTc2MzY0ODk1MX0.Pzo0PLjbsTmQU1DJi0eUejYDhnUjpAqO9g73O0wJ3pk"
2025-11-10 11:41:19 [info] : "eyJhbGciOiJIUzI1NiIsInR5cCI6IkpXVCJ9.eyJ1c2VySWQiOiJhZWUzYmVhMC1iZDExLTRjMzYtODYwOC02YWFiZGZhZjE3NzkiLCJ1c2VybmFtZSI6Imx1b25nMTIzIiwiZW1haWwiOiJsdW9uZzEyM0BnbWFpbC5jb20iLCJyb2xlIjoiQ1VTVE9NRVIiLCJpYXQiOjE3NjI3NDg5NTEsImV4cCI6MTc2MzY0ODk1MX0.Pzo0PLjbsTmQU1DJi0eUejYDhnUjpAqO9g73O0wJ3pk"
2025-11-10 11:41:28 [info] : "eyJhbGciOiJIUzI1NiIsInR5cCI6IkpXVCJ9.eyJ1c2VySWQiOiJhZWUzYmVhMC1iZDExLTRjMzYtODYwOC02YWFiZGZhZjE3NzkiLCJ1c2VybmFtZSI6Imx1b25nMTIzIiwiZW1haWwiOiJsdW9uZzEyM0BnbWFpbC5jb20iLCJyb2xlIjoiQ1VTVE9NRVIiLCJpYXQiOjE3NjI3NDg5NTEsImV4cCI6MTc2MzY0ODk1MX0.Pzo0PLjbsTmQU1DJi0eUejYDhnUjpAqO9g73O0wJ3pk"
2025-11-10 11:41:28 [info] : "eyJhbGciOiJIUzI1NiIsInR5cCI6IkpXVCJ9.eyJ1c2VySWQiOiJhZWUzYmVhMC1iZDExLTRjMzYtODYwOC02YWFiZGZhZjE3NzkiLCJ1c2VybmFtZSI6Imx1b25nMTIzIiwiZW1haWwiOiJsdW9uZzEyM0BnbWFpbC5jb20iLCJyb2xlIjoiQ1VTVE9NRVIiLCJpYXQiOjE3NjI3NDg5NTEsImV4cCI6MTc2MzY0ODk1MX0.Pzo0PLjbsTmQU1DJi0eUejYDhnUjpAqO9g73O0wJ3pk"
2025-11-10 11:47:35 [info] : undefined
2025-11-10 11:47:35 [info] : User login: luong123@gmail.com
2025-11-10 11:47:35 [info] : User logged in: luong123
2025-11-10 11:47:35 [info] : User logged in: luong123
2025-11-10 11:47:55 [info] : "eyJhbGciOiJIUzI1NiIsInR5cCI6IkpXVCJ9.eyJ1c2VySWQiOiJhZWUzYmVhMC1iZDExLTRjMzYtODYwOC02YWFiZGZhZjE3NzkiLCJ1c2VybmFtZSI6Imx1b25nMTIzIiwiZW1haWwiOiJsdW9uZzEyM0BnbWFpbC5jb20iLCJyb2xlIjoiQ1VTVE9NRVIiLCJpYXQiOjE3NjI3NTAwNTUsImV4cCI6MTc2MzY1MDA1NX0.PEHcz44Z3TlU7uoelje9_dZrmyaruxuTfID8dkxhUFk"
2025-11-10 11:47:55 [info] : "eyJhbGciOiJIUzI1NiIsInR5cCI6IkpXVCJ9.eyJ1c2VySWQiOiJhZWUzYmVhMC1iZDExLTRjMzYtODYwOC02YWFiZGZhZjE3NzkiLCJ1c2VybmFtZSI6Imx1b25nMTIzIiwiZW1haWwiOiJsdW9uZzEyM0BnbWFpbC5jb20iLCJyb2xlIjoiQ1VTVE9NRVIiLCJpYXQiOjE3NjI3NTAwNTUsImV4cCI6MTc2MzY1MDA1NX0.PEHcz44Z3TlU7uoelje9_dZrmyaruxuTfID8dkxhUFk"
2025-11-10 11:48:22 [info] : "eyJhbGciOiJIUzI1NiIsInR5cCI6IkpXVCJ9.eyJ1c2VySWQiOiJhZWUzYmVhMC1iZDExLTRjMzYtODYwOC02YWFiZGZhZjE3NzkiLCJ1c2VybmFtZSI6Imx1b25nMTIzIiwiZW1haWwiOiJsdW9uZzEyM0BnbWFpbC5jb20iLCJyb2xlIjoiQ1VTVE9NRVIiLCJpYXQiOjE3NjI3NTAwNTUsImV4cCI6MTc2MzY1MDA1NX0.PEHcz44Z3TlU7uoelje9_dZrmyaruxuTfID8dkxhUFk"
2025-11-10 11:54:55 [info] : Server running in development mode at http://localhost:8080
2025-11-10 11:54:58 [info] : Server running in development mode at http://localhost:8080
2025-11-10 11:55:12 [info] : Server running in development mode at http://localhost:8080
2025-11-10 11:55:20 [info] : Server running in development mode at http://localhost:8080
2025-11-10 11:55:33 [info] : Server running in development mode at http://localhost:8080
2025-11-10 11:55:43 [info] : Server running in development mode at http://localhost:8080
2025-11-10 11:55:47 [info] : Server running in development mode at http://localhost:8080
2025-11-10 11:56:06 [info] : Server running in development mode at http://localhost:8080
2025-11-10 11:56:16 [info] : Server running in development mode at http://localhost:8080
2025-11-10 11:56:19 [info] : Server running in development mode at http://localhost:8080
2025-11-10 11:56:36 [info] : Server running in development mode at http://localhost:8080
2025-11-10 11:56:40 [info] : Server running in development mode at http://localhost:8080
2025-11-10 11:56:54 [info] : Server running in development mode at http://localhost:8080
2025-11-10 11:57:07 [info] : Server running in development mode at http://localhost:8080
2025-11-10 11:57:10 [info] : Server running in development mode at http://localhost:8080
2025-11-10 11:57:17 [info] : Server running in development mode at http://localhost:8080
2025-11-10 11:57:29 [info] : Server running in development mode at http://localhost:8080
2025-11-10 11:57:37 [info] : Server running in development mode at http://localhost:8080
2025-11-10 11:57:51 [info] : Server running in development mode at http://localhost:8080
2025-11-10 11:57:54 [info] : Server running in development mode at http://localhost:8080
2025-11-10 11:58:20 [info] : Server running in development mode at http://localhost:8080
2025-11-10 11:58:26 [info] : Server running in development mode at http://localhost:8080
2025-11-10 11:58:29 [info] : Server running in development mode at http://localhost:8080
2025-11-10 11:58:33 [info] : Server running in development mode at http://localhost:8080
2025-11-10 11:58:37 [info] : Server running in development mode at http://localhost:8080
2025-11-10 11:58:51 [info] : Server running in development mode at http://localhost:8080
2025-11-10 11:58:57 [info] : Server running in development mode at http://localhost:8080
2025-11-10 11:59:13 [info] : Server running in development mode at http://localhost:8080
2025-11-10 11:59:16 [info] : Server running in development mode at http://localhost:8080
2025-11-10 11:59:27 [info] : Server running in development mode at http://localhost:8080
2025-11-10 11:59:30 [info] : Server running in development mode at http://localhost:8080
2025-11-10 12:00:01 [info] : Server running in development mode at http://localhost:8080
2025-11-10 12:00:16 [info] : Server running in development mode at http://localhost:8080
2025-11-10 12:00:19 [info] : Server running in development mode at http://localhost:8080
2025-11-10 12:00:23 [info] : Server running in development mode at http://localhost:8080
2025-11-10 12:00:31 [info] : Server running in development mode at http://localhost:8080
2025-11-10 12:00:34 [info] : Server running in development mode at http://localhost:8080
2025-11-10 12:00:37 [info] : Server running in development mode at http://localhost:8080
2025-11-10 12:00:41 [info] : Server running in development mode at http://localhost:8080
2025-11-10 12:00:44 [info] : Server running in development mode at http://localhost:8080
2025-11-10 12:01:09 [info] : Server running in development mode at http://localhost:8080
2025-11-10 12:01:13 [info] : Server running in development mode at http://localhost:8080
2025-11-10 12:01:17 [info] : Server running in development mode at http://localhost:8080
2025-11-10 12:01:23 [info] : Server running in development mode at http://localhost:8080
2025-11-10 12:01:33 [info] : Server running in development mode at http://localhost:8080
2025-11-10 12:01:39 [info] : Server running in development mode at http://localhost:8080
2025-11-10 12:01:42 [info] : Server running in development mode at http://localhost:8080
2025-11-10 12:01:46 [info] : Server running in development mode at http://localhost:8080
2025-11-10 12:02:06 [info] : Server running in development mode at http://localhost:8080
2025-11-10 12:02:16 [info] : Server running in development mode at http://localhost:8080
2025-11-10 12:02:20 [info] : Server running in development mode at http://localhost:8080
2025-11-10 12:02:26 [info] : Server running in development mode at http://localhost:8080
2025-11-10 12:02:28 [info] : Server running in development mode at http://localhost:8080
2025-11-10 12:02:35 [info] : Server running in development mode at http://localhost:8080
2025-11-10 12:02:39 [info] : Server running in development mode at http://localhost:8080
2025-11-10 12:02:45 [info] : Server running in development mode at http://localhost:8080
2025-11-10 12:02:51 [info] : Server running in development mode at http://localhost:8080
2025-11-10 12:03:40 [info] : Server running in development mode at http://localhost:8080
2025-11-10 12:03:46 [info] : Server running in development mode at http://localhost:8080
2025-11-10 12:31:41 [info] : undefined
2025-11-10 12:31:41 [info] : User login: luong123@gmail.com
2025-11-10 12:31:41 [info] : User logged in: luong123
2025-11-10 12:31:41 [info] : User logged in: luong123
2025-11-10 12:31:46 [info] : "eyJhbGciOiJIUzI1NiIsInR5cCI6IkpXVCJ9.eyJ1c2VySWQiOiJhZWUzYmVhMC1iZDExLTRjMzYtODYwOC02YWFiZGZhZjE3NzkiLCJ1c2VybmFtZSI6Imx1b25nMTIzIiwiZW1haWwiOiJsdW9uZzEyM0BnbWFpbC5jb20iLCJyb2xlIjoiQ1VTVE9NRVIiLCJpYXQiOjE3NjI3NTI3MDEsImV4cCI6MTc2MzY1MjcwMX0.o11uadyd91cKYcbUVSsF5szFAW6gKCq9Idgumj9TcKE"
2025-11-10 12:31:46 [info] : "eyJhbGciOiJIUzI1NiIsInR5cCI6IkpXVCJ9.eyJ1c2VySWQiOiJhZWUzYmVhMC1iZDExLTRjMzYtODYwOC02YWFiZGZhZjE3NzkiLCJ1c2VybmFtZSI6Imx1b25nMTIzIiwiZW1haWwiOiJsdW9uZzEyM0BnbWFpbC5jb20iLCJyb2xlIjoiQ1VTVE9NRVIiLCJpYXQiOjE3NjI3NTI3MDEsImV4cCI6MTc2MzY1MjcwMX0.o11uadyd91cKYcbUVSsF5szFAW6gKCq9Idgumj9TcKE"
2025-11-10 12:31:46 [info] : "eyJhbGciOiJIUzI1NiIsInR5cCI6IkpXVCJ9.eyJ1c2VySWQiOiJhZWUzYmVhMC1iZDExLTRjMzYtODYwOC02YWFiZGZhZjE3NzkiLCJ1c2VybmFtZSI6Imx1b25nMTIzIiwiZW1haWwiOiJsdW9uZzEyM0BnbWFpbC5jb20iLCJyb2xlIjoiQ1VTVE9NRVIiLCJpYXQiOjE3NjI3NTI3MDEsImV4cCI6MTc2MzY1MjcwMX0.o11uadyd91cKYcbUVSsF5szFAW6gKCq9Idgumj9TcKE"
2025-11-10 12:31:47 [info] : "eyJhbGciOiJIUzI1NiIsInR5cCI6IkpXVCJ9.eyJ1c2VySWQiOiJhZWUzYmVhMC1iZDExLTRjMzYtODYwOC02YWFiZGZhZjE3NzkiLCJ1c2VybmFtZSI6Imx1b25nMTIzIiwiZW1haWwiOiJsdW9uZzEyM0BnbWFpbC5jb20iLCJyb2xlIjoiQ1VTVE9NRVIiLCJpYXQiOjE3NjI3NTI3MDEsImV4cCI6MTc2MzY1MjcwMX0.o11uadyd91cKYcbUVSsF5szFAW6gKCq9Idgumj9TcKE"
2025-11-10 12:31:47 [info] : "eyJhbGciOiJIUzI1NiIsInR5cCI6IkpXVCJ9.eyJ1c2VySWQiOiJhZWUzYmVhMC1iZDExLTRjMzYtODYwOC02YWFiZGZhZjE3NzkiLCJ1c2VybmFtZSI6Imx1b25nMTIzIiwiZW1haWwiOiJsdW9uZzEyM0BnbWFpbC5jb20iLCJyb2xlIjoiQ1VTVE9NRVIiLCJpYXQiOjE3NjI3NTI3MDEsImV4cCI6MTc2MzY1MjcwMX0.o11uadyd91cKYcbUVSsF5szFAW6gKCq9Idgumj9TcKE"
2025-11-10 12:31:47 [info] : "eyJhbGciOiJIUzI1NiIsInR5cCI6IkpXVCJ9.eyJ1c2VySWQiOiJhZWUzYmVhMC1iZDExLTRjMzYtODYwOC02YWFiZGZhZjE3NzkiLCJ1c2VybmFtZSI6Imx1b25nMTIzIiwiZW1haWwiOiJsdW9uZzEyM0BnbWFpbC5jb20iLCJyb2xlIjoiQ1VTVE9NRVIiLCJpYXQiOjE3NjI3NTI3MDEsImV4cCI6MTc2MzY1MjcwMX0.o11uadyd91cKYcbUVSsF5szFAW6gKCq9Idgumj9TcKE"
2025-11-10 12:31:47 [info] : "eyJhbGciOiJIUzI1NiIsInR5cCI6IkpXVCJ9.eyJ1c2VySWQiOiJhZWUzYmVhMC1iZDExLTRjMzYtODYwOC02YWFiZGZhZjE3NzkiLCJ1c2VybmFtZSI6Imx1b25nMTIzIiwiZW1haWwiOiJsdW9uZzEyM0BnbWFpbC5jb20iLCJyb2xlIjoiQ1VTVE9NRVIiLCJpYXQiOjE3NjI3NTI3MDEsImV4cCI6MTc2MzY1MjcwMX0.o11uadyd91cKYcbUVSsF5szFAW6gKCq9Idgumj9TcKE"
2025-11-10 12:32:11 [info] : "eyJhbGciOiJIUzI1NiIsInR5cCI6IkpXVCJ9.eyJ1c2VySWQiOiJhZWUzYmVhMC1iZDExLTRjMzYtODYwOC02YWFiZGZhZjE3NzkiLCJ1c2VybmFtZSI6Imx1b25nMTIzIiwiZW1haWwiOiJsdW9uZzEyM0BnbWFpbC5jb20iLCJyb2xlIjoiQ1VTVE9NRVIiLCJpYXQiOjE3NjI3NTI3MDEsImV4cCI6MTc2MzY1MjcwMX0.o11uadyd91cKYcbUVSsF5szFAW6gKCq9Idgumj9TcKE"
2025-11-10 12:32:11 [info] : "eyJhbGciOiJIUzI1NiIsInR5cCI6IkpXVCJ9.eyJ1c2VySWQiOiJhZWUzYmVhMC1iZDExLTRjMzYtODYwOC02YWFiZGZhZjE3NzkiLCJ1c2VybmFtZSI6Imx1b25nMTIzIiwiZW1haWwiOiJsdW9uZzEyM0BnbWFpbC5jb20iLCJyb2xlIjoiQ1VTVE9NRVIiLCJpYXQiOjE3NjI3NTI3MDEsImV4cCI6MTc2MzY1MjcwMX0.o11uadyd91cKYcbUVSsF5szFAW6gKCq9Idgumj9TcKE"
2025-11-10 12:32:20 [info] : "eyJhbGciOiJIUzI1NiIsInR5cCI6IkpXVCJ9.eyJ1c2VySWQiOiJhZWUzYmVhMC1iZDExLTRjMzYtODYwOC02YWFiZGZhZjE3NzkiLCJ1c2VybmFtZSI6Imx1b25nMTIzIiwiZW1haWwiOiJsdW9uZzEyM0BnbWFpbC5jb20iLCJyb2xlIjoiQ1VTVE9NRVIiLCJpYXQiOjE3NjI3NTI3MDEsImV4cCI6MTc2MzY1MjcwMX0.o11uadyd91cKYcbUVSsF5szFAW6gKCq9Idgumj9TcKE"
2025-11-10 12:32:34 [info] : "eyJhbGciOiJIUzI1NiIsInR5cCI6IkpXVCJ9.eyJ1c2VySWQiOiJhZWUzYmVhMC1iZDExLTRjMzYtODYwOC02YWFiZGZhZjE3NzkiLCJ1c2VybmFtZSI6Imx1b25nMTIzIiwiZW1haWwiOiJsdW9uZzEyM0BnbWFpbC5jb20iLCJyb2xlIjoiQ1VTVE9NRVIiLCJpYXQiOjE3NjI3NTI3MDEsImV4cCI6MTc2MzY1MjcwMX0.o11uadyd91cKYcbUVSsF5szFAW6gKCq9Idgumj9TcKE"
2025-11-10 12:32:34 [info] : "eyJhbGciOiJIUzI1NiIsInR5cCI6IkpXVCJ9.eyJ1c2VySWQiOiJhZWUzYmVhMC1iZDExLTRjMzYtODYwOC02YWFiZGZhZjE3NzkiLCJ1c2VybmFtZSI6Imx1b25nMTIzIiwiZW1haWwiOiJsdW9uZzEyM0BnbWFpbC5jb20iLCJyb2xlIjoiQ1VTVE9NRVIiLCJpYXQiOjE3NjI3NTI3MDEsImV4cCI6MTc2MzY1MjcwMX0.o11uadyd91cKYcbUVSsF5szFAW6gKCq9Idgumj9TcKE"
2025-11-10 12:32:37 [info] : "eyJhbGciOiJIUzI1NiIsInR5cCI6IkpXVCJ9.eyJ1c2VySWQiOiJhZWUzYmVhMC1iZDExLTRjMzYtODYwOC02YWFiZGZhZjE3NzkiLCJ1c2VybmFtZSI6Imx1b25nMTIzIiwiZW1haWwiOiJsdW9uZzEyM0BnbWFpbC5jb20iLCJyb2xlIjoiQ1VTVE9NRVIiLCJpYXQiOjE3NjI3NTI3MDEsImV4cCI6MTc2MzY1MjcwMX0.o11uadyd91cKYcbUVSsF5szFAW6gKCq9Idgumj9TcKE"
2025-11-10 12:32:37 [info] : "eyJhbGciOiJIUzI1NiIsInR5cCI6IkpXVCJ9.eyJ1c2VySWQiOiJhZWUzYmVhMC1iZDExLTRjMzYtODYwOC02YWFiZGZhZjE3NzkiLCJ1c2VybmFtZSI6Imx1b25nMTIzIiwiZW1haWwiOiJsdW9uZzEyM0BnbWFpbC5jb20iLCJyb2xlIjoiQ1VTVE9NRVIiLCJpYXQiOjE3NjI3NTI3MDEsImV4cCI6MTc2MzY1MjcwMX0.o11uadyd91cKYcbUVSsF5szFAW6gKCq9Idgumj9TcKE"
2025-11-10 12:33:00 [info] : "eyJhbGciOiJIUzI1NiIsInR5cCI6IkpXVCJ9.eyJ1c2VySWQiOiJhZWUzYmVhMC1iZDExLTRjMzYtODYwOC02YWFiZGZhZjE3NzkiLCJ1c2VybmFtZSI6Imx1b25nMTIzIiwiZW1haWwiOiJsdW9uZzEyM0BnbWFpbC5jb20iLCJyb2xlIjoiQ1VTVE9NRVIiLCJpYXQiOjE3NjI3NTI3MDEsImV4cCI6MTc2MzY1MjcwMX0.o11uadyd91cKYcbUVSsF5szFAW6gKCq9Idgumj9TcKE"
2025-11-10 12:33:01 [info] : "eyJhbGciOiJIUzI1NiIsInR5cCI6IkpXVCJ9.eyJ1c2VySWQiOiJhZWUzYmVhMC1iZDExLTRjMzYtODYwOC02YWFiZGZhZjE3NzkiLCJ1c2VybmFtZSI6Imx1b25nMTIzIiwiZW1haWwiOiJsdW9uZzEyM0BnbWFpbC5jb20iLCJyb2xlIjoiQ1VTVE9NRVIiLCJpYXQiOjE3NjI3NTI3MDEsImV4cCI6MTc2MzY1MjcwMX0.o11uadyd91cKYcbUVSsF5szFAW6gKCq9Idgumj9TcKE"
2025-11-10 12:33:01 [info] : "eyJhbGciOiJIUzI1NiIsInR5cCI6IkpXVCJ9.eyJ1c2VySWQiOiJhZWUzYmVhMC1iZDExLTRjMzYtODYwOC02YWFiZGZhZjE3NzkiLCJ1c2VybmFtZSI6Imx1b25nMTIzIiwiZW1haWwiOiJsdW9uZzEyM0BnbWFpbC5jb20iLCJyb2xlIjoiQ1VTVE9NRVIiLCJpYXQiOjE3NjI3NTI3MDEsImV4cCI6MTc2MzY1MjcwMX0.o11uadyd91cKYcbUVSsF5szFAW6gKCq9Idgumj9TcKE"
2025-11-10 12:33:01 [info] : "eyJhbGciOiJIUzI1NiIsInR5cCI6IkpXVCJ9.eyJ1c2VySWQiOiJhZWUzYmVhMC1iZDExLTRjMzYtODYwOC02YWFiZGZhZjE3NzkiLCJ1c2VybmFtZSI6Imx1b25nMTIzIiwiZW1haWwiOiJsdW9uZzEyM0BnbWFpbC5jb20iLCJyb2xlIjoiQ1VTVE9NRVIiLCJpYXQiOjE3NjI3NTI3MDEsImV4cCI6MTc2MzY1MjcwMX0.o11uadyd91cKYcbUVSsF5szFAW6gKCq9Idgumj9TcKE"
2025-11-10 12:33:01 [info] : "eyJhbGciOiJIUzI1NiIsInR5cCI6IkpXVCJ9.eyJ1c2VySWQiOiJhZWUzYmVhMC1iZDExLTRjMzYtODYwOC02YWFiZGZhZjE3NzkiLCJ1c2VybmFtZSI6Imx1b25nMTIzIiwiZW1haWwiOiJsdW9uZzEyM0BnbWFpbC5jb20iLCJyb2xlIjoiQ1VTVE9NRVIiLCJpYXQiOjE3NjI3NTI3MDEsImV4cCI6MTc2MzY1MjcwMX0.o11uadyd91cKYcbUVSsF5szFAW6gKCq9Idgumj9TcKE"
2025-11-10 12:33:01 [info] : "eyJhbGciOiJIUzI1NiIsInR5cCI6IkpXVCJ9.eyJ1c2VySWQiOiJhZWUzYmVhMC1iZDExLTRjMzYtODYwOC02YWFiZGZhZjE3NzkiLCJ1c2VybmFtZSI6Imx1b25nMTIzIiwiZW1haWwiOiJsdW9uZzEyM0BnbWFpbC5jb20iLCJyb2xlIjoiQ1VTVE9NRVIiLCJpYXQiOjE3NjI3NTI3MDEsImV4cCI6MTc2MzY1MjcwMX0.o11uadyd91cKYcbUVSsF5szFAW6gKCq9Idgumj9TcKE"
2025-11-10 12:33:01 [info] : "eyJhbGciOiJIUzI1NiIsInR5cCI6IkpXVCJ9.eyJ1c2VySWQiOiJhZWUzYmVhMC1iZDExLTRjMzYtODYwOC02YWFiZGZhZjE3NzkiLCJ1c2VybmFtZSI6Imx1b25nMTIzIiwiZW1haWwiOiJsdW9uZzEyM0BnbWFpbC5jb20iLCJyb2xlIjoiQ1VTVE9NRVIiLCJpYXQiOjE3NjI3NTI3MDEsImV4cCI6MTc2MzY1MjcwMX0.o11uadyd91cKYcbUVSsF5szFAW6gKCq9Idgumj9TcKE"
2025-11-10 13:06:59 [info] : undefined
2025-11-10 13:06:59 [error] : ZodError: [
  {
    "expected": "string",
    "code": "invalid_type",
    "path": [
      "refreshToken"
    ],
    "message": "Invalid input: expected string, received undefined"
  }
]
    at new ZodError (file:///home/luong/projects/WebsiteLookBookBanQuanAoExpressjsNextjs/backend/node_modules/zod/v4/core/core.js:30:39)
    at Module.<anonymous> (file:///home/luong/projects/WebsiteLookBookBanQuanAoExpressjsNextjs/backend/node_modules/zod/v4/core/parse.js:53:20)
    at inst.safeParseAsync (file:///home/luong/projects/WebsiteLookBookBanQuanAoExpressjsNextjs/backend/node_modules/zod/v4/classic/schemas.js:30:57)
    at <anonymous> (/home/luong/projects/WebsiteLookBookBanQuanAoExpressjsNextjs/backend/src/middlewares/validate-request.middleware.ts:11:33)
    at Layer.handleRequest (/home/luong/projects/WebsiteLookBookBanQuanAoExpressjsNextjs/backend/node_modules/router/lib/layer.js:152:17)
    at next (/home/luong/projects/WebsiteLookBookBanQuanAoExpressjsNextjs/backend/node_modules/router/lib/route.js:157:13)
    at Route.dispatch (/home/luong/projects/WebsiteLookBookBanQuanAoExpressjsNextjs/backend/node_modules/router/lib/route.js:117:3)
    at handle (/home/luong/projects/WebsiteLookBookBanQuanAoExpressjsNextjs/backend/node_modules/router/index.js:435:11)
    at Layer.handleRequest (/home/luong/projects/WebsiteLookBookBanQuanAoExpressjsNextjs/backend/node_modules/router/lib/layer.js:152:17)
    at /home/luong/projects/WebsiteLookBookBanQuanAoExpressjsNextjs/backend/node_modules/router/index.js:295:15
2025-11-10 13:06:59 [info] : undefined
2025-11-10 13:06:59 [error] : ZodError: [
  {
    "expected": "string",
    "code": "invalid_type",
    "path": [
      "refreshToken"
    ],
    "message": "Invalid input: expected string, received undefined"
  }
]
    at new ZodError (file:///home/luong/projects/WebsiteLookBookBanQuanAoExpressjsNextjs/backend/node_modules/zod/v4/core/core.js:30:39)
    at Module.<anonymous> (file:///home/luong/projects/WebsiteLookBookBanQuanAoExpressjsNextjs/backend/node_modules/zod/v4/core/parse.js:53:20)
    at inst.safeParseAsync (file:///home/luong/projects/WebsiteLookBookBanQuanAoExpressjsNextjs/backend/node_modules/zod/v4/classic/schemas.js:30:57)
    at <anonymous> (/home/luong/projects/WebsiteLookBookBanQuanAoExpressjsNextjs/backend/src/middlewares/validate-request.middleware.ts:11:33)
    at Layer.handleRequest (/home/luong/projects/WebsiteLookBookBanQuanAoExpressjsNextjs/backend/node_modules/router/lib/layer.js:152:17)
    at next (/home/luong/projects/WebsiteLookBookBanQuanAoExpressjsNextjs/backend/node_modules/router/lib/route.js:157:13)
    at Route.dispatch (/home/luong/projects/WebsiteLookBookBanQuanAoExpressjsNextjs/backend/node_modules/router/lib/route.js:117:3)
    at handle (/home/luong/projects/WebsiteLookBookBanQuanAoExpressjsNextjs/backend/node_modules/router/index.js:435:11)
    at Layer.handleRequest (/home/luong/projects/WebsiteLookBookBanQuanAoExpressjsNextjs/backend/node_modules/router/lib/layer.js:152:17)
    at /home/luong/projects/WebsiteLookBookBanQuanAoExpressjsNextjs/backend/node_modules/router/index.js:295:15
2025-11-10 13:07:02 [info] : undefined
2025-11-10 13:07:02 [info] : User login: luong123@gmail.com
2025-11-10 13:07:02 [info] : User logged in: luong123
2025-11-10 13:07:02 [info] : User logged in: luong123
2025-11-10 13:07:07 [info] : "eyJhbGciOiJIUzI1NiIsInR5cCI6IkpXVCJ9.eyJ1c2VySWQiOiJhZWUzYmVhMC1iZDExLTRjMzYtODYwOC02YWFiZGZhZjE3NzkiLCJ1c2VybmFtZSI6Imx1b25nMTIzIiwiZW1haWwiOiJsdW9uZzEyM0BnbWFpbC5jb20iLCJyb2xlIjoiQ1VTVE9NRVIiLCJpYXQiOjE3NjI3NTQ4MjIsImV4cCI6MTc2MzY1NDgyMn0.SfyrDESb82PYS0l7zW7hj3vjOuGZYt4El0hA-wAMXtI"
2025-11-10 13:07:07 [info] : "eyJhbGciOiJIUzI1NiIsInR5cCI6IkpXVCJ9.eyJ1c2VySWQiOiJhZWUzYmVhMC1iZDExLTRjMzYtODYwOC02YWFiZGZhZjE3NzkiLCJ1c2VybmFtZSI6Imx1b25nMTIzIiwiZW1haWwiOiJsdW9uZzEyM0BnbWFpbC5jb20iLCJyb2xlIjoiQ1VTVE9NRVIiLCJpYXQiOjE3NjI3NTQ4MjIsImV4cCI6MTc2MzY1NDgyMn0.SfyrDESb82PYS0l7zW7hj3vjOuGZYt4El0hA-wAMXtI"
2025-11-10 13:07:16 [info] : "eyJhbGciOiJIUzI1NiIsInR5cCI6IkpXVCJ9.eyJ1c2VySWQiOiJhZWUzYmVhMC1iZDExLTRjMzYtODYwOC02YWFiZGZhZjE3NzkiLCJ1c2VybmFtZSI6Imx1b25nMTIzIiwiZW1haWwiOiJsdW9uZzEyM0BnbWFpbC5jb20iLCJyb2xlIjoiQ1VTVE9NRVIiLCJpYXQiOjE3NjI3NTQ4MjIsImV4cCI6MTc2MzY1NDgyMn0.SfyrDESb82PYS0l7zW7hj3vjOuGZYt4El0hA-wAMXtI"
2025-11-10 13:07:34 [info] : "eyJhbGciOiJIUzI1NiIsInR5cCI6IkpXVCJ9.eyJ1c2VySWQiOiJhZWUzYmVhMC1iZDExLTRjMzYtODYwOC02YWFiZGZhZjE3NzkiLCJ1c2VybmFtZSI6Imx1b25nMTIzIiwiZW1haWwiOiJsdW9uZzEyM0BnbWFpbC5jb20iLCJyb2xlIjoiQ1VTVE9NRVIiLCJpYXQiOjE3NjI3NTQ4MjIsImV4cCI6MTc2MzY1NDgyMn0.SfyrDESb82PYS0l7zW7hj3vjOuGZYt4El0hA-wAMXtI"
2025-11-10 13:07:34 [info] : "eyJhbGciOiJIUzI1NiIsInR5cCI6IkpXVCJ9.eyJ1c2VySWQiOiJhZWUzYmVhMC1iZDExLTRjMzYtODYwOC02YWFiZGZhZjE3NzkiLCJ1c2VybmFtZSI6Imx1b25nMTIzIiwiZW1haWwiOiJsdW9uZzEyM0BnbWFpbC5jb20iLCJyb2xlIjoiQ1VTVE9NRVIiLCJpYXQiOjE3NjI3NTQ4MjIsImV4cCI6MTc2MzY1NDgyMn0.SfyrDESb82PYS0l7zW7hj3vjOuGZYt4El0hA-wAMXtI"
2025-11-10 13:07:37 [info] : "eyJhbGciOiJIUzI1NiIsInR5cCI6IkpXVCJ9.eyJ1c2VySWQiOiJhZWUzYmVhMC1iZDExLTRjMzYtODYwOC02YWFiZGZhZjE3NzkiLCJ1c2VybmFtZSI6Imx1b25nMTIzIiwiZW1haWwiOiJsdW9uZzEyM0BnbWFpbC5jb20iLCJyb2xlIjoiQ1VTVE9NRVIiLCJpYXQiOjE3NjI3NTQ4MjIsImV4cCI6MTc2MzY1NDgyMn0.SfyrDESb82PYS0l7zW7hj3vjOuGZYt4El0hA-wAMXtI"
2025-11-10 13:07:37 [info] : "eyJhbGciOiJIUzI1NiIsInR5cCI6IkpXVCJ9.eyJ1c2VySWQiOiJhZWUzYmVhMC1iZDExLTRjMzYtODYwOC02YWFiZGZhZjE3NzkiLCJ1c2VybmFtZSI6Imx1b25nMTIzIiwiZW1haWwiOiJsdW9uZzEyM0BnbWFpbC5jb20iLCJyb2xlIjoiQ1VTVE9NRVIiLCJpYXQiOjE3NjI3NTQ4MjIsImV4cCI6MTc2MzY1NDgyMn0.SfyrDESb82PYS0l7zW7hj3vjOuGZYt4El0hA-wAMXtI"
2025-11-10 13:07:37 [info] : "eyJhbGciOiJIUzI1NiIsInR5cCI6IkpXVCJ9.eyJ1c2VySWQiOiJhZWUzYmVhMC1iZDExLTRjMzYtODYwOC02YWFiZGZhZjE3NzkiLCJ1c2VybmFtZSI6Imx1b25nMTIzIiwiZW1haWwiOiJsdW9uZzEyM0BnbWFpbC5jb20iLCJyb2xlIjoiQ1VTVE9NRVIiLCJpYXQiOjE3NjI3NTQ4MjIsImV4cCI6MTc2MzY1NDgyMn0.SfyrDESb82PYS0l7zW7hj3vjOuGZYt4El0hA-wAMXtI"
2025-11-10 13:07:37 [info] : "eyJhbGciOiJIUzI1NiIsInR5cCI6IkpXVCJ9.eyJ1c2VySWQiOiJhZWUzYmVhMC1iZDExLTRjMzYtODYwOC02YWFiZGZhZjE3NzkiLCJ1c2VybmFtZSI6Imx1b25nMTIzIiwiZW1haWwiOiJsdW9uZzEyM0BnbWFpbC5jb20iLCJyb2xlIjoiQ1VTVE9NRVIiLCJpYXQiOjE3NjI3NTQ4MjIsImV4cCI6MTc2MzY1NDgyMn0.SfyrDESb82PYS0l7zW7hj3vjOuGZYt4El0hA-wAMXtI"
2025-11-10 13:07:37 [info] : "eyJhbGciOiJIUzI1NiIsInR5cCI6IkpXVCJ9.eyJ1c2VySWQiOiJhZWUzYmVhMC1iZDExLTRjMzYtODYwOC02YWFiZGZhZjE3NzkiLCJ1c2VybmFtZSI6Imx1b25nMTIzIiwiZW1haWwiOiJsdW9uZzEyM0BnbWFpbC5jb20iLCJyb2xlIjoiQ1VTVE9NRVIiLCJpYXQiOjE3NjI3NTQ4MjIsImV4cCI6MTc2MzY1NDgyMn0.SfyrDESb82PYS0l7zW7hj3vjOuGZYt4El0hA-wAMXtI"
2025-11-10 13:07:37 [info] : "eyJhbGciOiJIUzI1NiIsInR5cCI6IkpXVCJ9.eyJ1c2VySWQiOiJhZWUzYmVhMC1iZDExLTRjMzYtODYwOC02YWFiZGZhZjE3NzkiLCJ1c2VybmFtZSI6Imx1b25nMTIzIiwiZW1haWwiOiJsdW9uZzEyM0BnbWFpbC5jb20iLCJyb2xlIjoiQ1VTVE9NRVIiLCJpYXQiOjE3NjI3NTQ4MjIsImV4cCI6MTc2MzY1NDgyMn0.SfyrDESb82PYS0l7zW7hj3vjOuGZYt4El0hA-wAMXtI"
2025-11-10 13:07:38 [info] : "eyJhbGciOiJIUzI1NiIsInR5cCI6IkpXVCJ9.eyJ1c2VySWQiOiJhZWUzYmVhMC1iZDExLTRjMzYtODYwOC02YWFiZGZhZjE3NzkiLCJ1c2VybmFtZSI6Imx1b25nMTIzIiwiZW1haWwiOiJsdW9uZzEyM0BnbWFpbC5jb20iLCJyb2xlIjoiQ1VTVE9NRVIiLCJpYXQiOjE3NjI3NTQ4MjIsImV4cCI6MTc2MzY1NDgyMn0.SfyrDESb82PYS0l7zW7hj3vjOuGZYt4El0hA-wAMXtI"
2025-11-10 13:07:44 [info] : undefined
2025-11-10 13:07:44 [error] : ZodError: [
  {
    "expected": "string",
    "code": "invalid_type",
    "path": [
      "refreshToken"
    ],
    "message": "Invalid input: expected string, received undefined"
  }
]
    at new ZodError (file:///home/luong/projects/WebsiteLookBookBanQuanAoExpressjsNextjs/backend/node_modules/zod/v4/core/core.js:30:39)
    at Module.<anonymous> (file:///home/luong/projects/WebsiteLookBookBanQuanAoExpressjsNextjs/backend/node_modules/zod/v4/core/parse.js:53:20)
    at inst.safeParseAsync (file:///home/luong/projects/WebsiteLookBookBanQuanAoExpressjsNextjs/backend/node_modules/zod/v4/classic/schemas.js:30:57)
    at <anonymous> (/home/luong/projects/WebsiteLookBookBanQuanAoExpressjsNextjs/backend/src/middlewares/validate-request.middleware.ts:11:33)
    at Layer.handleRequest (/home/luong/projects/WebsiteLookBookBanQuanAoExpressjsNextjs/backend/node_modules/router/lib/layer.js:152:17)
    at next (/home/luong/projects/WebsiteLookBookBanQuanAoExpressjsNextjs/backend/node_modules/router/lib/route.js:157:13)
    at Route.dispatch (/home/luong/projects/WebsiteLookBookBanQuanAoExpressjsNextjs/backend/node_modules/router/lib/route.js:117:3)
    at handle (/home/luong/projects/WebsiteLookBookBanQuanAoExpressjsNextjs/backend/node_modules/router/index.js:435:11)
    at Layer.handleRequest (/home/luong/projects/WebsiteLookBookBanQuanAoExpressjsNextjs/backend/node_modules/router/lib/layer.js:152:17)
    at /home/luong/projects/WebsiteLookBookBanQuanAoExpressjsNextjs/backend/node_modules/router/index.js:295:15
2025-11-10 13:07:44 [info] : undefined
2025-11-10 13:07:44 [error] : ZodError: [
  {
    "expected": "string",
    "code": "invalid_type",
    "path": [
      "refreshToken"
    ],
    "message": "Invalid input: expected string, received undefined"
  }
]
    at new ZodError (file:///home/luong/projects/WebsiteLookBookBanQuanAoExpressjsNextjs/backend/node_modules/zod/v4/core/core.js:30:39)
    at Module.<anonymous> (file:///home/luong/projects/WebsiteLookBookBanQuanAoExpressjsNextjs/backend/node_modules/zod/v4/core/parse.js:53:20)
    at inst.safeParseAsync (file:///home/luong/projects/WebsiteLookBookBanQuanAoExpressjsNextjs/backend/node_modules/zod/v4/classic/schemas.js:30:57)
    at <anonymous> (/home/luong/projects/WebsiteLookBookBanQuanAoExpressjsNextjs/backend/src/middlewares/validate-request.middleware.ts:11:33)
    at Layer.handleRequest (/home/luong/projects/WebsiteLookBookBanQuanAoExpressjsNextjs/backend/node_modules/router/lib/layer.js:152:17)
    at next (/home/luong/projects/WebsiteLookBookBanQuanAoExpressjsNextjs/backend/node_modules/router/lib/route.js:157:13)
    at Route.dispatch (/home/luong/projects/WebsiteLookBookBanQuanAoExpressjsNextjs/backend/node_modules/router/lib/route.js:117:3)
    at handle (/home/luong/projects/WebsiteLookBookBanQuanAoExpressjsNextjs/backend/node_modules/router/index.js:435:11)
    at Layer.handleRequest (/home/luong/projects/WebsiteLookBookBanQuanAoExpressjsNextjs/backend/node_modules/router/lib/layer.js:152:17)
    at /home/luong/projects/WebsiteLookBookBanQuanAoExpressjsNextjs/backend/node_modules/router/index.js:295:15
2025-11-10 13:07:47 [info] : undefined
2025-11-10 13:07:47 [info] : User login: luong123@gmail.com
2025-11-10 13:07:47 [info] : User logged in: luong123
2025-11-10 13:07:47 [info] : User logged in: luong123
2025-11-10 13:07:51 [info] : "eyJhbGciOiJIUzI1NiIsInR5cCI6IkpXVCJ9.eyJ1c2VySWQiOiJhZWUzYmVhMC1iZDExLTRjMzYtODYwOC02YWFiZGZhZjE3NzkiLCJ1c2VybmFtZSI6Imx1b25nMTIzIiwiZW1haWwiOiJsdW9uZzEyM0BnbWFpbC5jb20iLCJyb2xlIjoiQ1VTVE9NRVIiLCJpYXQiOjE3NjI3NTQ4NjcsImV4cCI6MTc2MzY1NDg2N30.Pj-KE01fDplw7hjeGpnX2CJC2c_QTsqvlcFgSqrkLZA"
2025-11-10 13:07:51 [info] : "eyJhbGciOiJIUzI1NiIsInR5cCI6IkpXVCJ9.eyJ1c2VySWQiOiJhZWUzYmVhMC1iZDExLTRjMzYtODYwOC02YWFiZGZhZjE3NzkiLCJ1c2VybmFtZSI6Imx1b25nMTIzIiwiZW1haWwiOiJsdW9uZzEyM0BnbWFpbC5jb20iLCJyb2xlIjoiQ1VTVE9NRVIiLCJpYXQiOjE3NjI3NTQ4NjcsImV4cCI6MTc2MzY1NDg2N30.Pj-KE01fDplw7hjeGpnX2CJC2c_QTsqvlcFgSqrkLZA"
2025-11-10 13:10:07 [info] : "eyJhbGciOiJIUzI1NiIsInR5cCI6IkpXVCJ9.eyJ1c2VySWQiOiJhZWUzYmVhMC1iZDExLTRjMzYtODYwOC02YWFiZGZhZjE3NzkiLCJ1c2VybmFtZSI6Imx1b25nMTIzIiwiZW1haWwiOiJsdW9uZzEyM0BnbWFpbC5jb20iLCJyb2xlIjoiQ1VTVE9NRVIiLCJpYXQiOjE3NjI3NTQ4NjcsImV4cCI6MTc2MzY1NDg2N30.Pj-KE01fDplw7hjeGpnX2CJC2c_QTsqvlcFgSqrkLZA"
2025-11-10 13:10:07 [info] : "eyJhbGciOiJIUzI1NiIsInR5cCI6IkpXVCJ9.eyJ1c2VySWQiOiJhZWUzYmVhMC1iZDExLTRjMzYtODYwOC02YWFiZGZhZjE3NzkiLCJ1c2VybmFtZSI6Imx1b25nMTIzIiwiZW1haWwiOiJsdW9uZzEyM0BnbWFpbC5jb20iLCJyb2xlIjoiQ1VTVE9NRVIiLCJpYXQiOjE3NjI3NTQ4NjcsImV4cCI6MTc2MzY1NDg2N30.Pj-KE01fDplw7hjeGpnX2CJC2c_QTsqvlcFgSqrkLZA"
2025-11-10 13:10:07 [info] : "eyJhbGciOiJIUzI1NiIsInR5cCI6IkpXVCJ9.eyJ1c2VySWQiOiJhZWUzYmVhMC1iZDExLTRjMzYtODYwOC02YWFiZGZhZjE3NzkiLCJ1c2VybmFtZSI6Imx1b25nMTIzIiwiZW1haWwiOiJsdW9uZzEyM0BnbWFpbC5jb20iLCJyb2xlIjoiQ1VTVE9NRVIiLCJpYXQiOjE3NjI3NTQ4NjcsImV4cCI6MTc2MzY1NDg2N30.Pj-KE01fDplw7hjeGpnX2CJC2c_QTsqvlcFgSqrkLZA"
2025-11-10 13:10:08 [info] : "eyJhbGciOiJIUzI1NiIsInR5cCI6IkpXVCJ9.eyJ1c2VySWQiOiJhZWUzYmVhMC1iZDExLTRjMzYtODYwOC02YWFiZGZhZjE3NzkiLCJ1c2VybmFtZSI6Imx1b25nMTIzIiwiZW1haWwiOiJsdW9uZzEyM0BnbWFpbC5jb20iLCJyb2xlIjoiQ1VTVE9NRVIiLCJpYXQiOjE3NjI3NTQ4NjcsImV4cCI6MTc2MzY1NDg2N30.Pj-KE01fDplw7hjeGpnX2CJC2c_QTsqvlcFgSqrkLZA"
2025-11-10 13:10:08 [info] : "eyJhbGciOiJIUzI1NiIsInR5cCI6IkpXVCJ9.eyJ1c2VySWQiOiJhZWUzYmVhMC1iZDExLTRjMzYtODYwOC02YWFiZGZhZjE3NzkiLCJ1c2VybmFtZSI6Imx1b25nMTIzIiwiZW1haWwiOiJsdW9uZzEyM0BnbWFpbC5jb20iLCJyb2xlIjoiQ1VTVE9NRVIiLCJpYXQiOjE3NjI3NTQ4NjcsImV4cCI6MTc2MzY1NDg2N30.Pj-KE01fDplw7hjeGpnX2CJC2c_QTsqvlcFgSqrkLZA"
2025-11-10 13:10:08 [info] : "eyJhbGciOiJIUzI1NiIsInR5cCI6IkpXVCJ9.eyJ1c2VySWQiOiJhZWUzYmVhMC1iZDExLTRjMzYtODYwOC02YWFiZGZhZjE3NzkiLCJ1c2VybmFtZSI6Imx1b25nMTIzIiwiZW1haWwiOiJsdW9uZzEyM0BnbWFpbC5jb20iLCJyb2xlIjoiQ1VTVE9NRVIiLCJpYXQiOjE3NjI3NTQ4NjcsImV4cCI6MTc2MzY1NDg2N30.Pj-KE01fDplw7hjeGpnX2CJC2c_QTsqvlcFgSqrkLZA"
2025-11-10 13:10:08 [info] : "eyJhbGciOiJIUzI1NiIsInR5cCI6IkpXVCJ9.eyJ1c2VySWQiOiJhZWUzYmVhMC1iZDExLTRjMzYtODYwOC02YWFiZGZhZjE3NzkiLCJ1c2VybmFtZSI6Imx1b25nMTIzIiwiZW1haWwiOiJsdW9uZzEyM0BnbWFpbC5jb20iLCJyb2xlIjoiQ1VTVE9NRVIiLCJpYXQiOjE3NjI3NTQ4NjcsImV4cCI6MTc2MzY1NDg2N30.Pj-KE01fDplw7hjeGpnX2CJC2c_QTsqvlcFgSqrkLZA"
2025-11-10 13:10:41 [info] : "eyJhbGciOiJIUzI1NiIsInR5cCI6IkpXVCJ9.eyJ1c2VySWQiOiJhZWUzYmVhMC1iZDExLTRjMzYtODYwOC02YWFiZGZhZjE3NzkiLCJ1c2VybmFtZSI6Imx1b25nMTIzIiwiZW1haWwiOiJsdW9uZzEyM0BnbWFpbC5jb20iLCJyb2xlIjoiQ1VTVE9NRVIiLCJpYXQiOjE3NjI3NTQ4NjcsImV4cCI6MTc2MzY1NDg2N30.Pj-KE01fDplw7hjeGpnX2CJC2c_QTsqvlcFgSqrkLZA"
2025-11-10 13:11:26 [info] : "eyJhbGciOiJIUzI1NiIsInR5cCI6IkpXVCJ9.eyJ1c2VySWQiOiJhZWUzYmVhMC1iZDExLTRjMzYtODYwOC02YWFiZGZhZjE3NzkiLCJ1c2VybmFtZSI6Imx1b25nMTIzIiwiZW1haWwiOiJsdW9uZzEyM0BnbWFpbC5jb20iLCJyb2xlIjoiQ1VTVE9NRVIiLCJpYXQiOjE3NjI3NTQ4NjcsImV4cCI6MTc2MzY1NDg2N30.Pj-KE01fDplw7hjeGpnX2CJC2c_QTsqvlcFgSqrkLZA"
2025-11-10 13:15:12 [info] : "eyJhbGciOiJIUzI1NiIsInR5cCI6IkpXVCJ9.eyJ1c2VySWQiOiJhZWUzYmVhMC1iZDExLTRjMzYtODYwOC02YWFiZGZhZjE3NzkiLCJ1c2VybmFtZSI6Imx1b25nMTIzIiwiZW1haWwiOiJsdW9uZzEyM0BnbWFpbC5jb20iLCJyb2xlIjoiQ1VTVE9NRVIiLCJpYXQiOjE3NjI3NTQ4NjcsImV4cCI6MTc2MzY1NDg2N30.Pj-KE01fDplw7hjeGpnX2CJC2c_QTsqvlcFgSqrkLZA"
2025-11-10 13:15:12 [info] : "eyJhbGciOiJIUzI1NiIsInR5cCI6IkpXVCJ9.eyJ1c2VySWQiOiJhZWUzYmVhMC1iZDExLTRjMzYtODYwOC02YWFiZGZhZjE3NzkiLCJ1c2VybmFtZSI6Imx1b25nMTIzIiwiZW1haWwiOiJsdW9uZzEyM0BnbWFpbC5jb20iLCJyb2xlIjoiQ1VTVE9NRVIiLCJpYXQiOjE3NjI3NTQ4NjcsImV4cCI6MTc2MzY1NDg2N30.Pj-KE01fDplw7hjeGpnX2CJC2c_QTsqvlcFgSqrkLZA"
2025-11-10 13:15:13 [info] : "eyJhbGciOiJIUzI1NiIsInR5cCI6IkpXVCJ9.eyJ1c2VySWQiOiJhZWUzYmVhMC1iZDExLTRjMzYtODYwOC02YWFiZGZhZjE3NzkiLCJ1c2VybmFtZSI6Imx1b25nMTIzIiwiZW1haWwiOiJsdW9uZzEyM0BnbWFpbC5jb20iLCJyb2xlIjoiQ1VTVE9NRVIiLCJpYXQiOjE3NjI3NTQ4NjcsImV4cCI6MTc2MzY1NDg2N30.Pj-KE01fDplw7hjeGpnX2CJC2c_QTsqvlcFgSqrkLZA"
2025-11-10 13:15:13 [info] : "eyJhbGciOiJIUzI1NiIsInR5cCI6IkpXVCJ9.eyJ1c2VySWQiOiJhZWUzYmVhMC1iZDExLTRjMzYtODYwOC02YWFiZGZhZjE3NzkiLCJ1c2VybmFtZSI6Imx1b25nMTIzIiwiZW1haWwiOiJsdW9uZzEyM0BnbWFpbC5jb20iLCJyb2xlIjoiQ1VTVE9NRVIiLCJpYXQiOjE3NjI3NTQ4NjcsImV4cCI6MTc2MzY1NDg2N30.Pj-KE01fDplw7hjeGpnX2CJC2c_QTsqvlcFgSqrkLZA"
2025-11-10 13:15:13 [info] : "eyJhbGciOiJIUzI1NiIsInR5cCI6IkpXVCJ9.eyJ1c2VySWQiOiJhZWUzYmVhMC1iZDExLTRjMzYtODYwOC02YWFiZGZhZjE3NzkiLCJ1c2VybmFtZSI6Imx1b25nMTIzIiwiZW1haWwiOiJsdW9uZzEyM0BnbWFpbC5jb20iLCJyb2xlIjoiQ1VTVE9NRVIiLCJpYXQiOjE3NjI3NTQ4NjcsImV4cCI6MTc2MzY1NDg2N30.Pj-KE01fDplw7hjeGpnX2CJC2c_QTsqvlcFgSqrkLZA"
2025-11-10 13:15:13 [info] : "eyJhbGciOiJIUzI1NiIsInR5cCI6IkpXVCJ9.eyJ1c2VySWQiOiJhZWUzYmVhMC1iZDExLTRjMzYtODYwOC02YWFiZGZhZjE3NzkiLCJ1c2VybmFtZSI6Imx1b25nMTIzIiwiZW1haWwiOiJsdW9uZzEyM0BnbWFpbC5jb20iLCJyb2xlIjoiQ1VTVE9NRVIiLCJpYXQiOjE3NjI3NTQ4NjcsImV4cCI6MTc2MzY1NDg2N30.Pj-KE01fDplw7hjeGpnX2CJC2c_QTsqvlcFgSqrkLZA"
2025-11-10 13:15:13 [info] : "eyJhbGciOiJIUzI1NiIsInR5cCI6IkpXVCJ9.eyJ1c2VySWQiOiJhZWUzYmVhMC1iZDExLTRjMzYtODYwOC02YWFiZGZhZjE3NzkiLCJ1c2VybmFtZSI6Imx1b25nMTIzIiwiZW1haWwiOiJsdW9uZzEyM0BnbWFpbC5jb20iLCJyb2xlIjoiQ1VTVE9NRVIiLCJpYXQiOjE3NjI3NTQ4NjcsImV4cCI6MTc2MzY1NDg2N30.Pj-KE01fDplw7hjeGpnX2CJC2c_QTsqvlcFgSqrkLZA"
2025-11-10 13:15:14 [info] : "eyJhbGciOiJIUzI1NiIsInR5cCI6IkpXVCJ9.eyJ1c2VySWQiOiJhZWUzYmVhMC1iZDExLTRjMzYtODYwOC02YWFiZGZhZjE3NzkiLCJ1c2VybmFtZSI6Imx1b25nMTIzIiwiZW1haWwiOiJsdW9uZzEyM0BnbWFpbC5jb20iLCJyb2xlIjoiQ1VTVE9NRVIiLCJpYXQiOjE3NjI3NTQ4NjcsImV4cCI6MTc2MzY1NDg2N30.Pj-KE01fDplw7hjeGpnX2CJC2c_QTsqvlcFgSqrkLZA"
2025-11-10 13:15:14 [info] : "eyJhbGciOiJIUzI1NiIsInR5cCI6IkpXVCJ9.eyJ1c2VySWQiOiJhZWUzYmVhMC1iZDExLTRjMzYtODYwOC02YWFiZGZhZjE3NzkiLCJ1c2VybmFtZSI6Imx1b25nMTIzIiwiZW1haWwiOiJsdW9uZzEyM0BnbWFpbC5jb20iLCJyb2xlIjoiQ1VTVE9NRVIiLCJpYXQiOjE3NjI3NTQ4NjcsImV4cCI6MTc2MzY1NDg2N30.Pj-KE01fDplw7hjeGpnX2CJC2c_QTsqvlcFgSqrkLZA"
2025-11-10 13:15:39 [info] : "eyJhbGciOiJIUzI1NiIsInR5cCI6IkpXVCJ9.eyJ1c2VySWQiOiJhZWUzYmVhMC1iZDExLTRjMzYtODYwOC02YWFiZGZhZjE3NzkiLCJ1c2VybmFtZSI6Imx1b25nMTIzIiwiZW1haWwiOiJsdW9uZzEyM0BnbWFpbC5jb20iLCJyb2xlIjoiQ1VTVE9NRVIiLCJpYXQiOjE3NjI3NTQ4NjcsImV4cCI6MTc2MzY1NDg2N30.Pj-KE01fDplw7hjeGpnX2CJC2c_QTsqvlcFgSqrkLZA"
2025-11-10 13:15:39 [info] : "eyJhbGciOiJIUzI1NiIsInR5cCI6IkpXVCJ9.eyJ1c2VySWQiOiJhZWUzYmVhMC1iZDExLTRjMzYtODYwOC02YWFiZGZhZjE3NzkiLCJ1c2VybmFtZSI6Imx1b25nMTIzIiwiZW1haWwiOiJsdW9uZzEyM0BnbWFpbC5jb20iLCJyb2xlIjoiQ1VTVE9NRVIiLCJpYXQiOjE3NjI3NTQ4NjcsImV4cCI6MTc2MzY1NDg2N30.Pj-KE01fDplw7hjeGpnX2CJC2c_QTsqvlcFgSqrkLZA"
2025-11-10 13:15:42 [info] : "eyJhbGciOiJIUzI1NiIsInR5cCI6IkpXVCJ9.eyJ1c2VySWQiOiJhZWUzYmVhMC1iZDExLTRjMzYtODYwOC02YWFiZGZhZjE3NzkiLCJ1c2VybmFtZSI6Imx1b25nMTIzIiwiZW1haWwiOiJsdW9uZzEyM0BnbWFpbC5jb20iLCJyb2xlIjoiQ1VTVE9NRVIiLCJpYXQiOjE3NjI3NTQ4NjcsImV4cCI6MTc2MzY1NDg2N30.Pj-KE01fDplw7hjeGpnX2CJC2c_QTsqvlcFgSqrkLZA"
2025-11-10 13:15:48 [info] : "eyJhbGciOiJIUzI1NiIsInR5cCI6IkpXVCJ9.eyJ1c2VySWQiOiJhZWUzYmVhMC1iZDExLTRjMzYtODYwOC02YWFiZGZhZjE3NzkiLCJ1c2VybmFtZSI6Imx1b25nMTIzIiwiZW1haWwiOiJsdW9uZzEyM0BnbWFpbC5jb20iLCJyb2xlIjoiQ1VTVE9NRVIiLCJpYXQiOjE3NjI3NTQ4NjcsImV4cCI6MTc2MzY1NDg2N30.Pj-KE01fDplw7hjeGpnX2CJC2c_QTsqvlcFgSqrkLZA"
2025-11-10 13:20:01 [info] : "eyJhbGciOiJIUzI1NiIsInR5cCI6IkpXVCJ9.eyJ1c2VySWQiOiJhZWUzYmVhMC1iZDExLTRjMzYtODYwOC02YWFiZGZhZjE3NzkiLCJ1c2VybmFtZSI6Imx1b25nMTIzIiwiZW1haWwiOiJsdW9uZzEyM0BnbWFpbC5jb20iLCJyb2xlIjoiQ1VTVE9NRVIiLCJpYXQiOjE3NjI3NTQ4NjcsImV4cCI6MTc2MzY1NDg2N30.Pj-KE01fDplw7hjeGpnX2CJC2c_QTsqvlcFgSqrkLZA"
2025-11-10 13:20:14 [info] : "eyJhbGciOiJIUzI1NiIsInR5cCI6IkpXVCJ9.eyJ1c2VySWQiOiJhZWUzYmVhMC1iZDExLTRjMzYtODYwOC02YWFiZGZhZjE3NzkiLCJ1c2VybmFtZSI6Imx1b25nMTIzIiwiZW1haWwiOiJsdW9uZzEyM0BnbWFpbC5jb20iLCJyb2xlIjoiQ1VTVE9NRVIiLCJpYXQiOjE3NjI3NTQ4NjcsImV4cCI6MTc2MzY1NDg2N30.Pj-KE01fDplw7hjeGpnX2CJC2c_QTsqvlcFgSqrkLZA"
2025-11-10 13:20:27 [info] : "eyJhbGciOiJIUzI1NiIsInR5cCI6IkpXVCJ9.eyJ1c2VySWQiOiJhZWUzYmVhMC1iZDExLTRjMzYtODYwOC02YWFiZGZhZjE3NzkiLCJ1c2VybmFtZSI6Imx1b25nMTIzIiwiZW1haWwiOiJsdW9uZzEyM0BnbWFpbC5jb20iLCJyb2xlIjoiQ1VTVE9NRVIiLCJpYXQiOjE3NjI3NTQ4NjcsImV4cCI6MTc2MzY1NDg2N30.Pj-KE01fDplw7hjeGpnX2CJC2c_QTsqvlcFgSqrkLZA"
2025-11-10 13:20:27 [info] : "eyJhbGciOiJIUzI1NiIsInR5cCI6IkpXVCJ9.eyJ1c2VySWQiOiJhZWUzYmVhMC1iZDExLTRjMzYtODYwOC02YWFiZGZhZjE3NzkiLCJ1c2VybmFtZSI6Imx1b25nMTIzIiwiZW1haWwiOiJsdW9uZzEyM0BnbWFpbC5jb20iLCJyb2xlIjoiQ1VTVE9NRVIiLCJpYXQiOjE3NjI3NTQ4NjcsImV4cCI6MTc2MzY1NDg2N30.Pj-KE01fDplw7hjeGpnX2CJC2c_QTsqvlcFgSqrkLZA"
2025-11-10 13:20:32 [info] : "eyJhbGciOiJIUzI1NiIsInR5cCI6IkpXVCJ9.eyJ1c2VySWQiOiJhZWUzYmVhMC1iZDExLTRjMzYtODYwOC02YWFiZGZhZjE3NzkiLCJ1c2VybmFtZSI6Imx1b25nMTIzIiwiZW1haWwiOiJsdW9uZzEyM0BnbWFpbC5jb20iLCJyb2xlIjoiQ1VTVE9NRVIiLCJpYXQiOjE3NjI3NTQ4NjcsImV4cCI6MTc2MzY1NDg2N30.Pj-KE01fDplw7hjeGpnX2CJC2c_QTsqvlcFgSqrkLZA"
2025-11-10 13:20:37 [info] : "eyJhbGciOiJIUzI1NiIsInR5cCI6IkpXVCJ9.eyJ1c2VySWQiOiJhZWUzYmVhMC1iZDExLTRjMzYtODYwOC02YWFiZGZhZjE3NzkiLCJ1c2VybmFtZSI6Imx1b25nMTIzIiwiZW1haWwiOiJsdW9uZzEyM0BnbWFpbC5jb20iLCJyb2xlIjoiQ1VTVE9NRVIiLCJpYXQiOjE3NjI3NTQ4NjcsImV4cCI6MTc2MzY1NDg2N30.Pj-KE01fDplw7hjeGpnX2CJC2c_QTsqvlcFgSqrkLZA"
2025-11-10 13:20:48 [info] : "eyJhbGciOiJIUzI1NiIsInR5cCI6IkpXVCJ9.eyJ1c2VySWQiOiJhZWUzYmVhMC1iZDExLTRjMzYtODYwOC02YWFiZGZhZjE3NzkiLCJ1c2VybmFtZSI6Imx1b25nMTIzIiwiZW1haWwiOiJsdW9uZzEyM0BnbWFpbC5jb20iLCJyb2xlIjoiQ1VTVE9NRVIiLCJpYXQiOjE3NjI3NTQ4NjcsImV4cCI6MTc2MzY1NDg2N30.Pj-KE01fDplw7hjeGpnX2CJC2c_QTsqvlcFgSqrkLZA"
2025-11-10 13:20:48 [info] : "eyJhbGciOiJIUzI1NiIsInR5cCI6IkpXVCJ9.eyJ1c2VySWQiOiJhZWUzYmVhMC1iZDExLTRjMzYtODYwOC02YWFiZGZhZjE3NzkiLCJ1c2VybmFtZSI6Imx1b25nMTIzIiwiZW1haWwiOiJsdW9uZzEyM0BnbWFpbC5jb20iLCJyb2xlIjoiQ1VTVE9NRVIiLCJpYXQiOjE3NjI3NTQ4NjcsImV4cCI6MTc2MzY1NDg2N30.Pj-KE01fDplw7hjeGpnX2CJC2c_QTsqvlcFgSqrkLZA"
2025-11-10 13:25:52 [info] : undefined
2025-11-10 13:25:52 [error] : ZodError: [
  {
    "expected": "string",
    "code": "invalid_type",
    "path": [
      "refreshToken"
    ],
    "message": "Invalid input: expected string, received undefined"
  }
]
    at new ZodError (file:///home/luong/projects/WebsiteLookBookBanQuanAoExpressjsNextjs/backend/node_modules/zod/v4/core/core.js:30:39)
    at Module.<anonymous> (file:///home/luong/projects/WebsiteLookBookBanQuanAoExpressjsNextjs/backend/node_modules/zod/v4/core/parse.js:53:20)
    at inst.safeParseAsync (file:///home/luong/projects/WebsiteLookBookBanQuanAoExpressjsNextjs/backend/node_modules/zod/v4/classic/schemas.js:30:57)
    at <anonymous> (/home/luong/projects/WebsiteLookBookBanQuanAoExpressjsNextjs/backend/src/middlewares/validate-request.middleware.ts:11:33)
    at Layer.handleRequest (/home/luong/projects/WebsiteLookBookBanQuanAoExpressjsNextjs/backend/node_modules/router/lib/layer.js:152:17)
    at next (/home/luong/projects/WebsiteLookBookBanQuanAoExpressjsNextjs/backend/node_modules/router/lib/route.js:157:13)
    at Route.dispatch (/home/luong/projects/WebsiteLookBookBanQuanAoExpressjsNextjs/backend/node_modules/router/lib/route.js:117:3)
    at handle (/home/luong/projects/WebsiteLookBookBanQuanAoExpressjsNextjs/backend/node_modules/router/index.js:435:11)
    at Layer.handleRequest (/home/luong/projects/WebsiteLookBookBanQuanAoExpressjsNextjs/backend/node_modules/router/lib/layer.js:152:17)
    at /home/luong/projects/WebsiteLookBookBanQuanAoExpressjsNextjs/backend/node_modules/router/index.js:295:15
2025-11-10 13:26:10 [info] : undefined
2025-11-10 13:26:10 [error] : ZodError: [
  {
    "expected": "string",
    "code": "invalid_type",
    "path": [
      "refreshToken"
    ],
    "message": "Invalid input: expected string, received undefined"
  }
]
    at new ZodError (file:///home/luong/projects/WebsiteLookBookBanQuanAoExpressjsNextjs/backend/node_modules/zod/v4/core/core.js:30:39)
    at Module.<anonymous> (file:///home/luong/projects/WebsiteLookBookBanQuanAoExpressjsNextjs/backend/node_modules/zod/v4/core/parse.js:53:20)
    at inst.safeParseAsync (file:///home/luong/projects/WebsiteLookBookBanQuanAoExpressjsNextjs/backend/node_modules/zod/v4/classic/schemas.js:30:57)
    at <anonymous> (/home/luong/projects/WebsiteLookBookBanQuanAoExpressjsNextjs/backend/src/middlewares/validate-request.middleware.ts:11:33)
    at Layer.handleRequest (/home/luong/projects/WebsiteLookBookBanQuanAoExpressjsNextjs/backend/node_modules/router/lib/layer.js:152:17)
    at next (/home/luong/projects/WebsiteLookBookBanQuanAoExpressjsNextjs/backend/node_modules/router/lib/route.js:157:13)
    at Route.dispatch (/home/luong/projects/WebsiteLookBookBanQuanAoExpressjsNextjs/backend/node_modules/router/lib/route.js:117:3)
    at handle (/home/luong/projects/WebsiteLookBookBanQuanAoExpressjsNextjs/backend/node_modules/router/index.js:435:11)
    at Layer.handleRequest (/home/luong/projects/WebsiteLookBookBanQuanAoExpressjsNextjs/backend/node_modules/router/lib/layer.js:152:17)
    at /home/luong/projects/WebsiteLookBookBanQuanAoExpressjsNextjs/backend/node_modules/router/index.js:295:15
2025-11-10 13:26:33 [info] : undefined
2025-11-10 13:26:33 [info] : User login: luong123@gmail.com
2025-11-10 13:26:33 [info] : User logged in: luong123
2025-11-10 13:26:33 [info] : User logged in: luong123
2025-11-10 13:26:38 [info] : "eyJhbGciOiJIUzI1NiIsInR5cCI6IkpXVCJ9.eyJ1c2VySWQiOiJhZWUzYmVhMC1iZDExLTRjMzYtODYwOC02YWFiZGZhZjE3NzkiLCJ1c2VybmFtZSI6Imx1b25nMTIzIiwiZW1haWwiOiJsdW9uZzEyM0BnbWFpbC5jb20iLCJyb2xlIjoiQ1VTVE9NRVIiLCJpYXQiOjE3NjI3NTU5OTMsImV4cCI6MTc2MzY1NTk5M30.uFynzEapvYbUeQCuUJOff8iOL2X5K0OZnGXsyim4Gig"
2025-11-10 13:26:38 [info] : "eyJhbGciOiJIUzI1NiIsInR5cCI6IkpXVCJ9.eyJ1c2VySWQiOiJhZWUzYmVhMC1iZDExLTRjMzYtODYwOC02YWFiZGZhZjE3NzkiLCJ1c2VybmFtZSI6Imx1b25nMTIzIiwiZW1haWwiOiJsdW9uZzEyM0BnbWFpbC5jb20iLCJyb2xlIjoiQ1VTVE9NRVIiLCJpYXQiOjE3NjI3NTU5OTMsImV4cCI6MTc2MzY1NTk5M30.uFynzEapvYbUeQCuUJOff8iOL2X5K0OZnGXsyim4Gig"
2025-11-10 13:26:41 [info] : "eyJhbGciOiJIUzI1NiIsInR5cCI6IkpXVCJ9.eyJ1c2VySWQiOiJhZWUzYmVhMC1iZDExLTRjMzYtODYwOC02YWFiZGZhZjE3NzkiLCJ1c2VybmFtZSI6Imx1b25nMTIzIiwiZW1haWwiOiJsdW9uZzEyM0BnbWFpbC5jb20iLCJyb2xlIjoiQ1VTVE9NRVIiLCJpYXQiOjE3NjI3NTU5OTMsImV4cCI6MTc2MzY1NTk5M30.uFynzEapvYbUeQCuUJOff8iOL2X5K0OZnGXsyim4Gig"
2025-11-10 13:26:57 [info] : "eyJhbGciOiJIUzI1NiIsInR5cCI6IkpXVCJ9.eyJ1c2VySWQiOiJhZWUzYmVhMC1iZDExLTRjMzYtODYwOC02YWFiZGZhZjE3NzkiLCJ1c2VybmFtZSI6Imx1b25nMTIzIiwiZW1haWwiOiJsdW9uZzEyM0BnbWFpbC5jb20iLCJyb2xlIjoiQ1VTVE9NRVIiLCJpYXQiOjE3NjI3NTU5OTMsImV4cCI6MTc2MzY1NTk5M30.uFynzEapvYbUeQCuUJOff8iOL2X5K0OZnGXsyim4Gig"
2025-11-10 13:26:58 [info] : "eyJhbGciOiJIUzI1NiIsInR5cCI6IkpXVCJ9.eyJ1c2VySWQiOiJhZWUzYmVhMC1iZDExLTRjMzYtODYwOC02YWFiZGZhZjE3NzkiLCJ1c2VybmFtZSI6Imx1b25nMTIzIiwiZW1haWwiOiJsdW9uZzEyM0BnbWFpbC5jb20iLCJyb2xlIjoiQ1VTVE9NRVIiLCJpYXQiOjE3NjI3NTU5OTMsImV4cCI6MTc2MzY1NTk5M30.uFynzEapvYbUeQCuUJOff8iOL2X5K0OZnGXsyim4Gig"
2025-11-10 13:26:58 [info] : "eyJhbGciOiJIUzI1NiIsInR5cCI6IkpXVCJ9.eyJ1c2VySWQiOiJhZWUzYmVhMC1iZDExLTRjMzYtODYwOC02YWFiZGZhZjE3NzkiLCJ1c2VybmFtZSI6Imx1b25nMTIzIiwiZW1haWwiOiJsdW9uZzEyM0BnbWFpbC5jb20iLCJyb2xlIjoiQ1VTVE9NRVIiLCJpYXQiOjE3NjI3NTU5OTMsImV4cCI6MTc2MzY1NTk5M30.uFynzEapvYbUeQCuUJOff8iOL2X5K0OZnGXsyim4Gig"
2025-11-10 13:26:58 [info] : "eyJhbGciOiJIUzI1NiIsInR5cCI6IkpXVCJ9.eyJ1c2VySWQiOiJhZWUzYmVhMC1iZDExLTRjMzYtODYwOC02YWFiZGZhZjE3NzkiLCJ1c2VybmFtZSI6Imx1b25nMTIzIiwiZW1haWwiOiJsdW9uZzEyM0BnbWFpbC5jb20iLCJyb2xlIjoiQ1VTVE9NRVIiLCJpYXQiOjE3NjI3NTU5OTMsImV4cCI6MTc2MzY1NTk5M30.uFynzEapvYbUeQCuUJOff8iOL2X5K0OZnGXsyim4Gig"
2025-11-10 13:26:58 [info] : "eyJhbGciOiJIUzI1NiIsInR5cCI6IkpXVCJ9.eyJ1c2VySWQiOiJhZWUzYmVhMC1iZDExLTRjMzYtODYwOC02YWFiZGZhZjE3NzkiLCJ1c2VybmFtZSI6Imx1b25nMTIzIiwiZW1haWwiOiJsdW9uZzEyM0BnbWFpbC5jb20iLCJyb2xlIjoiQ1VTVE9NRVIiLCJpYXQiOjE3NjI3NTU5OTMsImV4cCI6MTc2MzY1NTk5M30.uFynzEapvYbUeQCuUJOff8iOL2X5K0OZnGXsyim4Gig"
2025-11-10 13:26:58 [info] : "eyJhbGciOiJIUzI1NiIsInR5cCI6IkpXVCJ9.eyJ1c2VySWQiOiJhZWUzYmVhMC1iZDExLTRjMzYtODYwOC02YWFiZGZhZjE3NzkiLCJ1c2VybmFtZSI6Imx1b25nMTIzIiwiZW1haWwiOiJsdW9uZzEyM0BnbWFpbC5jb20iLCJyb2xlIjoiQ1VTVE9NRVIiLCJpYXQiOjE3NjI3NTU5OTMsImV4cCI6MTc2MzY1NTk5M30.uFynzEapvYbUeQCuUJOff8iOL2X5K0OZnGXsyim4Gig"
2025-11-10 13:26:58 [info] : "eyJhbGciOiJIUzI1NiIsInR5cCI6IkpXVCJ9.eyJ1c2VySWQiOiJhZWUzYmVhMC1iZDExLTRjMzYtODYwOC02YWFiZGZhZjE3NzkiLCJ1c2VybmFtZSI6Imx1b25nMTIzIiwiZW1haWwiOiJsdW9uZzEyM0BnbWFpbC5jb20iLCJyb2xlIjoiQ1VTVE9NRVIiLCJpYXQiOjE3NjI3NTU5OTMsImV4cCI6MTc2MzY1NTk5M30.uFynzEapvYbUeQCuUJOff8iOL2X5K0OZnGXsyim4Gig"
2025-11-10 13:26:59 [info] : "eyJhbGciOiJIUzI1NiIsInR5cCI6IkpXVCJ9.eyJ1c2VySWQiOiJhZWUzYmVhMC1iZDExLTRjMzYtODYwOC02YWFiZGZhZjE3NzkiLCJ1c2VybmFtZSI6Imx1b25nMTIzIiwiZW1haWwiOiJsdW9uZzEyM0BnbWFpbC5jb20iLCJyb2xlIjoiQ1VTVE9NRVIiLCJpYXQiOjE3NjI3NTU5OTMsImV4cCI6MTc2MzY1NTk5M30.uFynzEapvYbUeQCuUJOff8iOL2X5K0OZnGXsyim4Gig"
2025-11-10 13:26:59 [info] : "eyJhbGciOiJIUzI1NiIsInR5cCI6IkpXVCJ9.eyJ1c2VySWQiOiJhZWUzYmVhMC1iZDExLTRjMzYtODYwOC02YWFiZGZhZjE3NzkiLCJ1c2VybmFtZSI6Imx1b25nMTIzIiwiZW1haWwiOiJsdW9uZzEyM0BnbWFpbC5jb20iLCJyb2xlIjoiQ1VTVE9NRVIiLCJpYXQiOjE3NjI3NTU5OTMsImV4cCI6MTc2MzY1NTk5M30.uFynzEapvYbUeQCuUJOff8iOL2X5K0OZnGXsyim4Gig"
2025-11-10 13:26:59 [info] : "eyJhbGciOiJIUzI1NiIsInR5cCI6IkpXVCJ9.eyJ1c2VySWQiOiJhZWUzYmVhMC1iZDExLTRjMzYtODYwOC02YWFiZGZhZjE3NzkiLCJ1c2VybmFtZSI6Imx1b25nMTIzIiwiZW1haWwiOiJsdW9uZzEyM0BnbWFpbC5jb20iLCJyb2xlIjoiQ1VTVE9NRVIiLCJpYXQiOjE3NjI3NTU5OTMsImV4cCI6MTc2MzY1NTk5M30.uFynzEapvYbUeQCuUJOff8iOL2X5K0OZnGXsyim4Gig"
2025-11-10 13:26:59 [info] : "eyJhbGciOiJIUzI1NiIsInR5cCI6IkpXVCJ9.eyJ1c2VySWQiOiJhZWUzYmVhMC1iZDExLTRjMzYtODYwOC02YWFiZGZhZjE3NzkiLCJ1c2VybmFtZSI6Imx1b25nMTIzIiwiZW1haWwiOiJsdW9uZzEyM0BnbWFpbC5jb20iLCJyb2xlIjoiQ1VTVE9NRVIiLCJpYXQiOjE3NjI3NTU5OTMsImV4cCI6MTc2MzY1NTk5M30.uFynzEapvYbUeQCuUJOff8iOL2X5K0OZnGXsyim4Gig"
2025-11-10 13:26:59 [info] : "eyJhbGciOiJIUzI1NiIsInR5cCI6IkpXVCJ9.eyJ1c2VySWQiOiJhZWUzYmVhMC1iZDExLTRjMzYtODYwOC02YWFiZGZhZjE3NzkiLCJ1c2VybmFtZSI6Imx1b25nMTIzIiwiZW1haWwiOiJsdW9uZzEyM0BnbWFpbC5jb20iLCJyb2xlIjoiQ1VTVE9NRVIiLCJpYXQiOjE3NjI3NTU5OTMsImV4cCI6MTc2MzY1NTk5M30.uFynzEapvYbUeQCuUJOff8iOL2X5K0OZnGXsyim4Gig"
2025-11-10 13:27:00 [info] : "eyJhbGciOiJIUzI1NiIsInR5cCI6IkpXVCJ9.eyJ1c2VySWQiOiJhZWUzYmVhMC1iZDExLTRjMzYtODYwOC02YWFiZGZhZjE3NzkiLCJ1c2VybmFtZSI6Imx1b25nMTIzIiwiZW1haWwiOiJsdW9uZzEyM0BnbWFpbC5jb20iLCJyb2xlIjoiQ1VTVE9NRVIiLCJpYXQiOjE3NjI3NTU5OTMsImV4cCI6MTc2MzY1NTk5M30.uFynzEapvYbUeQCuUJOff8iOL2X5K0OZnGXsyim4Gig"
2025-11-10 13:27:00 [info] : "eyJhbGciOiJIUzI1NiIsInR5cCI6IkpXVCJ9.eyJ1c2VySWQiOiJhZWUzYmVhMC1iZDExLTRjMzYtODYwOC02YWFiZGZhZjE3NzkiLCJ1c2VybmFtZSI6Imx1b25nMTIzIiwiZW1haWwiOiJsdW9uZzEyM0BnbWFpbC5jb20iLCJyb2xlIjoiQ1VTVE9NRVIiLCJpYXQiOjE3NjI3NTU5OTMsImV4cCI6MTc2MzY1NTk5M30.uFynzEapvYbUeQCuUJOff8iOL2X5K0OZnGXsyim4Gig"
2025-11-10 13:27:00 [info] : "eyJhbGciOiJIUzI1NiIsInR5cCI6IkpXVCJ9.eyJ1c2VySWQiOiJhZWUzYmVhMC1iZDExLTRjMzYtODYwOC02YWFiZGZhZjE3NzkiLCJ1c2VybmFtZSI6Imx1b25nMTIzIiwiZW1haWwiOiJsdW9uZzEyM0BnbWFpbC5jb20iLCJyb2xlIjoiQ1VTVE9NRVIiLCJpYXQiOjE3NjI3NTU5OTMsImV4cCI6MTc2MzY1NTk5M30.uFynzEapvYbUeQCuUJOff8iOL2X5K0OZnGXsyim4Gig"
2025-11-10 13:27:00 [info] : "eyJhbGciOiJIUzI1NiIsInR5cCI6IkpXVCJ9.eyJ1c2VySWQiOiJhZWUzYmVhMC1iZDExLTRjMzYtODYwOC02YWFiZGZhZjE3NzkiLCJ1c2VybmFtZSI6Imx1b25nMTIzIiwiZW1haWwiOiJsdW9uZzEyM0BnbWFpbC5jb20iLCJyb2xlIjoiQ1VTVE9NRVIiLCJpYXQiOjE3NjI3NTU5OTMsImV4cCI6MTc2MzY1NTk5M30.uFynzEapvYbUeQCuUJOff8iOL2X5K0OZnGXsyim4Gig"
2025-11-10 13:27:02 [info] : "eyJhbGciOiJIUzI1NiIsInR5cCI6IkpXVCJ9.eyJ1c2VySWQiOiJhZWUzYmVhMC1iZDExLTRjMzYtODYwOC02YWFiZGZhZjE3NzkiLCJ1c2VybmFtZSI6Imx1b25nMTIzIiwiZW1haWwiOiJsdW9uZzEyM0BnbWFpbC5jb20iLCJyb2xlIjoiQ1VTVE9NRVIiLCJpYXQiOjE3NjI3NTU5OTMsImV4cCI6MTc2MzY1NTk5M30.uFynzEapvYbUeQCuUJOff8iOL2X5K0OZnGXsyim4Gig"
2025-11-10 13:27:03 [info] : "eyJhbGciOiJIUzI1NiIsInR5cCI6IkpXVCJ9.eyJ1c2VySWQiOiJhZWUzYmVhMC1iZDExLTRjMzYtODYwOC02YWFiZGZhZjE3NzkiLCJ1c2VybmFtZSI6Imx1b25nMTIzIiwiZW1haWwiOiJsdW9uZzEyM0BnbWFpbC5jb20iLCJyb2xlIjoiQ1VTVE9NRVIiLCJpYXQiOjE3NjI3NTU5OTMsImV4cCI6MTc2MzY1NTk5M30.uFynzEapvYbUeQCuUJOff8iOL2X5K0OZnGXsyim4Gig"
2025-11-10 13:27:04 [info] : "eyJhbGciOiJIUzI1NiIsInR5cCI6IkpXVCJ9.eyJ1c2VySWQiOiJhZWUzYmVhMC1iZDExLTRjMzYtODYwOC02YWFiZGZhZjE3NzkiLCJ1c2VybmFtZSI6Imx1b25nMTIzIiwiZW1haWwiOiJsdW9uZzEyM0BnbWFpbC5jb20iLCJyb2xlIjoiQ1VTVE9NRVIiLCJpYXQiOjE3NjI3NTU5OTMsImV4cCI6MTc2MzY1NTk5M30.uFynzEapvYbUeQCuUJOff8iOL2X5K0OZnGXsyim4Gig"
2025-11-10 13:27:09 [info] : "eyJhbGciOiJIUzI1NiIsInR5cCI6IkpXVCJ9.eyJ1c2VySWQiOiJhZWUzYmVhMC1iZDExLTRjMzYtODYwOC02YWFiZGZhZjE3NzkiLCJ1c2VybmFtZSI6Imx1b25nMTIzIiwiZW1haWwiOiJsdW9uZzEyM0BnbWFpbC5jb20iLCJyb2xlIjoiQ1VTVE9NRVIiLCJpYXQiOjE3NjI3NTU5OTMsImV4cCI6MTc2MzY1NTk5M30.uFynzEapvYbUeQCuUJOff8iOL2X5K0OZnGXsyim4Gig"
2025-11-10 13:27:10 [info] : "eyJhbGciOiJIUzI1NiIsInR5cCI6IkpXVCJ9.eyJ1c2VySWQiOiJhZWUzYmVhMC1iZDExLTRjMzYtODYwOC02YWFiZGZhZjE3NzkiLCJ1c2VybmFtZSI6Imx1b25nMTIzIiwiZW1haWwiOiJsdW9uZzEyM0BnbWFpbC5jb20iLCJyb2xlIjoiQ1VTVE9NRVIiLCJpYXQiOjE3NjI3NTU5OTMsImV4cCI6MTc2MzY1NTk5M30.uFynzEapvYbUeQCuUJOff8iOL2X5K0OZnGXsyim4Gig"
2025-11-10 13:27:11 [info] : "eyJhbGciOiJIUzI1NiIsInR5cCI6IkpXVCJ9.eyJ1c2VySWQiOiJhZWUzYmVhMC1iZDExLTRjMzYtODYwOC02YWFiZGZhZjE3NzkiLCJ1c2VybmFtZSI6Imx1b25nMTIzIiwiZW1haWwiOiJsdW9uZzEyM0BnbWFpbC5jb20iLCJyb2xlIjoiQ1VTVE9NRVIiLCJpYXQiOjE3NjI3NTU5OTMsImV4cCI6MTc2MzY1NTk5M30.uFynzEapvYbUeQCuUJOff8iOL2X5K0OZnGXsyim4Gig"
2025-11-10 13:27:11 [info] : "eyJhbGciOiJIUzI1NiIsInR5cCI6IkpXVCJ9.eyJ1c2VySWQiOiJhZWUzYmVhMC1iZDExLTRjMzYtODYwOC02YWFiZGZhZjE3NzkiLCJ1c2VybmFtZSI6Imx1b25nMTIzIiwiZW1haWwiOiJsdW9uZzEyM0BnbWFpbC5jb20iLCJyb2xlIjoiQ1VTVE9NRVIiLCJpYXQiOjE3NjI3NTU5OTMsImV4cCI6MTc2MzY1NTk5M30.uFynzEapvYbUeQCuUJOff8iOL2X5K0OZnGXsyim4Gig"
2025-11-10 13:27:11 [info] : "eyJhbGciOiJIUzI1NiIsInR5cCI6IkpXVCJ9.eyJ1c2VySWQiOiJhZWUzYmVhMC1iZDExLTRjMzYtODYwOC02YWFiZGZhZjE3NzkiLCJ1c2VybmFtZSI6Imx1b25nMTIzIiwiZW1haWwiOiJsdW9uZzEyM0BnbWFpbC5jb20iLCJyb2xlIjoiQ1VTVE9NRVIiLCJpYXQiOjE3NjI3NTU5OTMsImV4cCI6MTc2MzY1NTk5M30.uFynzEapvYbUeQCuUJOff8iOL2X5K0OZnGXsyim4Gig"
2025-11-10 13:27:11 [info] : "eyJhbGciOiJIUzI1NiIsInR5cCI6IkpXVCJ9.eyJ1c2VySWQiOiJhZWUzYmVhMC1iZDExLTRjMzYtODYwOC02YWFiZGZhZjE3NzkiLCJ1c2VybmFtZSI6Imx1b25nMTIzIiwiZW1haWwiOiJsdW9uZzEyM0BnbWFpbC5jb20iLCJyb2xlIjoiQ1VTVE9NRVIiLCJpYXQiOjE3NjI3NTU5OTMsImV4cCI6MTc2MzY1NTk5M30.uFynzEapvYbUeQCuUJOff8iOL2X5K0OZnGXsyim4Gig"
2025-11-10 13:27:12 [info] : "eyJhbGciOiJIUzI1NiIsInR5cCI6IkpXVCJ9.eyJ1c2VySWQiOiJhZWUzYmVhMC1iZDExLTRjMzYtODYwOC02YWFiZGZhZjE3NzkiLCJ1c2VybmFtZSI6Imx1b25nMTIzIiwiZW1haWwiOiJsdW9uZzEyM0BnbWFpbC5jb20iLCJyb2xlIjoiQ1VTVE9NRVIiLCJpYXQiOjE3NjI3NTU5OTMsImV4cCI6MTc2MzY1NTk5M30.uFynzEapvYbUeQCuUJOff8iOL2X5K0OZnGXsyim4Gig"
2025-11-10 13:27:12 [info] : "eyJhbGciOiJIUzI1NiIsInR5cCI6IkpXVCJ9.eyJ1c2VySWQiOiJhZWUzYmVhMC1iZDExLTRjMzYtODYwOC02YWFiZGZhZjE3NzkiLCJ1c2VybmFtZSI6Imx1b25nMTIzIiwiZW1haWwiOiJsdW9uZzEyM0BnbWFpbC5jb20iLCJyb2xlIjoiQ1VTVE9NRVIiLCJpYXQiOjE3NjI3NTU5OTMsImV4cCI6MTc2MzY1NTk5M30.uFynzEapvYbUeQCuUJOff8iOL2X5K0OZnGXsyim4Gig"
2025-11-10 13:27:12 [info] : "eyJhbGciOiJIUzI1NiIsInR5cCI6IkpXVCJ9.eyJ1c2VySWQiOiJhZWUzYmVhMC1iZDExLTRjMzYtODYwOC02YWFiZGZhZjE3NzkiLCJ1c2VybmFtZSI6Imx1b25nMTIzIiwiZW1haWwiOiJsdW9uZzEyM0BnbWFpbC5jb20iLCJyb2xlIjoiQ1VTVE9NRVIiLCJpYXQiOjE3NjI3NTU5OTMsImV4cCI6MTc2MzY1NTk5M30.uFynzEapvYbUeQCuUJOff8iOL2X5K0OZnGXsyim4Gig"
2025-11-10 13:27:13 [info] : "eyJhbGciOiJIUzI1NiIsInR5cCI6IkpXVCJ9.eyJ1c2VySWQiOiJhZWUzYmVhMC1iZDExLTRjMzYtODYwOC02YWFiZGZhZjE3NzkiLCJ1c2VybmFtZSI6Imx1b25nMTIzIiwiZW1haWwiOiJsdW9uZzEyM0BnbWFpbC5jb20iLCJyb2xlIjoiQ1VTVE9NRVIiLCJpYXQiOjE3NjI3NTU5OTMsImV4cCI6MTc2MzY1NTk5M30.uFynzEapvYbUeQCuUJOff8iOL2X5K0OZnGXsyim4Gig"
2025-11-10 13:27:13 [info] : "eyJhbGciOiJIUzI1NiIsInR5cCI6IkpXVCJ9.eyJ1c2VySWQiOiJhZWUzYmVhMC1iZDExLTRjMzYtODYwOC02YWFiZGZhZjE3NzkiLCJ1c2VybmFtZSI6Imx1b25nMTIzIiwiZW1haWwiOiJsdW9uZzEyM0BnbWFpbC5jb20iLCJyb2xlIjoiQ1VTVE9NRVIiLCJpYXQiOjE3NjI3NTU5OTMsImV4cCI6MTc2MzY1NTk5M30.uFynzEapvYbUeQCuUJOff8iOL2X5K0OZnGXsyim4Gig"
2025-11-10 13:27:13 [info] : "eyJhbGciOiJIUzI1NiIsInR5cCI6IkpXVCJ9.eyJ1c2VySWQiOiJhZWUzYmVhMC1iZDExLTRjMzYtODYwOC02YWFiZGZhZjE3NzkiLCJ1c2VybmFtZSI6Imx1b25nMTIzIiwiZW1haWwiOiJsdW9uZzEyM0BnbWFpbC5jb20iLCJyb2xlIjoiQ1VTVE9NRVIiLCJpYXQiOjE3NjI3NTU5OTMsImV4cCI6MTc2MzY1NTk5M30.uFynzEapvYbUeQCuUJOff8iOL2X5K0OZnGXsyim4Gig"
2025-11-10 13:27:14 [info] : "eyJhbGciOiJIUzI1NiIsInR5cCI6IkpXVCJ9.eyJ1c2VySWQiOiJhZWUzYmVhMC1iZDExLTRjMzYtODYwOC02YWFiZGZhZjE3NzkiLCJ1c2VybmFtZSI6Imx1b25nMTIzIiwiZW1haWwiOiJsdW9uZzEyM0BnbWFpbC5jb20iLCJyb2xlIjoiQ1VTVE9NRVIiLCJpYXQiOjE3NjI3NTU5OTMsImV4cCI6MTc2MzY1NTk5M30.uFynzEapvYbUeQCuUJOff8iOL2X5K0OZnGXsyim4Gig"
2025-11-10 13:27:14 [info] : "eyJhbGciOiJIUzI1NiIsInR5cCI6IkpXVCJ9.eyJ1c2VySWQiOiJhZWUzYmVhMC1iZDExLTRjMzYtODYwOC02YWFiZGZhZjE3NzkiLCJ1c2VybmFtZSI6Imx1b25nMTIzIiwiZW1haWwiOiJsdW9uZzEyM0BnbWFpbC5jb20iLCJyb2xlIjoiQ1VTVE9NRVIiLCJpYXQiOjE3NjI3NTU5OTMsImV4cCI6MTc2MzY1NTk5M30.uFynzEapvYbUeQCuUJOff8iOL2X5K0OZnGXsyim4Gig"
2025-11-10 13:27:14 [info] : "eyJhbGciOiJIUzI1NiIsInR5cCI6IkpXVCJ9.eyJ1c2VySWQiOiJhZWUzYmVhMC1iZDExLTRjMzYtODYwOC02YWFiZGZhZjE3NzkiLCJ1c2VybmFtZSI6Imx1b25nMTIzIiwiZW1haWwiOiJsdW9uZzEyM0BnbWFpbC5jb20iLCJyb2xlIjoiQ1VTVE9NRVIiLCJpYXQiOjE3NjI3NTU5OTMsImV4cCI6MTc2MzY1NTk5M30.uFynzEapvYbUeQCuUJOff8iOL2X5K0OZnGXsyim4Gig"
2025-11-10 13:27:14 [info] : "eyJhbGciOiJIUzI1NiIsInR5cCI6IkpXVCJ9.eyJ1c2VySWQiOiJhZWUzYmVhMC1iZDExLTRjMzYtODYwOC02YWFiZGZhZjE3NzkiLCJ1c2VybmFtZSI6Imx1b25nMTIzIiwiZW1haWwiOiJsdW9uZzEyM0BnbWFpbC5jb20iLCJyb2xlIjoiQ1VTVE9NRVIiLCJpYXQiOjE3NjI3NTU5OTMsImV4cCI6MTc2MzY1NTk5M30.uFynzEapvYbUeQCuUJOff8iOL2X5K0OZnGXsyim4Gig"
2025-11-10 13:27:14 [info] : "eyJhbGciOiJIUzI1NiIsInR5cCI6IkpXVCJ9.eyJ1c2VySWQiOiJhZWUzYmVhMC1iZDExLTRjMzYtODYwOC02YWFiZGZhZjE3NzkiLCJ1c2VybmFtZSI6Imx1b25nMTIzIiwiZW1haWwiOiJsdW9uZzEyM0BnbWFpbC5jb20iLCJyb2xlIjoiQ1VTVE9NRVIiLCJpYXQiOjE3NjI3NTU5OTMsImV4cCI6MTc2MzY1NTk5M30.uFynzEapvYbUeQCuUJOff8iOL2X5K0OZnGXsyim4Gig"
2025-11-10 13:27:15 [info] : "eyJhbGciOiJIUzI1NiIsInR5cCI6IkpXVCJ9.eyJ1c2VySWQiOiJhZWUzYmVhMC1iZDExLTRjMzYtODYwOC02YWFiZGZhZjE3NzkiLCJ1c2VybmFtZSI6Imx1b25nMTIzIiwiZW1haWwiOiJsdW9uZzEyM0BnbWFpbC5jb20iLCJyb2xlIjoiQ1VTVE9NRVIiLCJpYXQiOjE3NjI3NTU5OTMsImV4cCI6MTc2MzY1NTk5M30.uFynzEapvYbUeQCuUJOff8iOL2X5K0OZnGXsyim4Gig"
2025-11-10 13:27:15 [info] : "eyJhbGciOiJIUzI1NiIsInR5cCI6IkpXVCJ9.eyJ1c2VySWQiOiJhZWUzYmVhMC1iZDExLTRjMzYtODYwOC02YWFiZGZhZjE3NzkiLCJ1c2VybmFtZSI6Imx1b25nMTIzIiwiZW1haWwiOiJsdW9uZzEyM0BnbWFpbC5jb20iLCJyb2xlIjoiQ1VTVE9NRVIiLCJpYXQiOjE3NjI3NTU5OTMsImV4cCI6MTc2MzY1NTk5M30.uFynzEapvYbUeQCuUJOff8iOL2X5K0OZnGXsyim4Gig"
2025-11-10 13:27:38 [info] : "eyJhbGciOiJIUzI1NiIsInR5cCI6IkpXVCJ9.eyJ1c2VySWQiOiJhZWUzYmVhMC1iZDExLTRjMzYtODYwOC02YWFiZGZhZjE3NzkiLCJ1c2VybmFtZSI6Imx1b25nMTIzIiwiZW1haWwiOiJsdW9uZzEyM0BnbWFpbC5jb20iLCJyb2xlIjoiQ1VTVE9NRVIiLCJpYXQiOjE3NjI3NTU5OTMsImV4cCI6MTc2MzY1NTk5M30.uFynzEapvYbUeQCuUJOff8iOL2X5K0OZnGXsyim4Gig"
2025-11-10 13:27:38 [info] : "eyJhbGciOiJIUzI1NiIsInR5cCI6IkpXVCJ9.eyJ1c2VySWQiOiJhZWUzYmVhMC1iZDExLTRjMzYtODYwOC02YWFiZGZhZjE3NzkiLCJ1c2VybmFtZSI6Imx1b25nMTIzIiwiZW1haWwiOiJsdW9uZzEyM0BnbWFpbC5jb20iLCJyb2xlIjoiQ1VTVE9NRVIiLCJpYXQiOjE3NjI3NTU5OTMsImV4cCI6MTc2MzY1NTk5M30.uFynzEapvYbUeQCuUJOff8iOL2X5K0OZnGXsyim4Gig"
2025-11-10 13:30:35 [info] : "eyJhbGciOiJIUzI1NiIsInR5cCI6IkpXVCJ9.eyJ1c2VySWQiOiJhZWUzYmVhMC1iZDExLTRjMzYtODYwOC02YWFiZGZhZjE3NzkiLCJ1c2VybmFtZSI6Imx1b25nMTIzIiwiZW1haWwiOiJsdW9uZzEyM0BnbWFpbC5jb20iLCJyb2xlIjoiQ1VTVE9NRVIiLCJpYXQiOjE3NjI3NTU5OTMsImV4cCI6MTc2MzY1NTk5M30.uFynzEapvYbUeQCuUJOff8iOL2X5K0OZnGXsyim4Gig"
2025-11-10 13:30:51 [info] : "eyJhbGciOiJIUzI1NiIsInR5cCI6IkpXVCJ9.eyJ1c2VySWQiOiJhZWUzYmVhMC1iZDExLTRjMzYtODYwOC02YWFiZGZhZjE3NzkiLCJ1c2VybmFtZSI6Imx1b25nMTIzIiwiZW1haWwiOiJsdW9uZzEyM0BnbWFpbC5jb20iLCJyb2xlIjoiQ1VTVE9NRVIiLCJpYXQiOjE3NjI3NTU5OTMsImV4cCI6MTc2MzY1NTk5M30.uFynzEapvYbUeQCuUJOff8iOL2X5K0OZnGXsyim4Gig"
2025-11-10 13:30:51 [info] : "eyJhbGciOiJIUzI1NiIsInR5cCI6IkpXVCJ9.eyJ1c2VySWQiOiJhZWUzYmVhMC1iZDExLTRjMzYtODYwOC02YWFiZGZhZjE3NzkiLCJ1c2VybmFtZSI6Imx1b25nMTIzIiwiZW1haWwiOiJsdW9uZzEyM0BnbWFpbC5jb20iLCJyb2xlIjoiQ1VTVE9NRVIiLCJpYXQiOjE3NjI3NTU5OTMsImV4cCI6MTc2MzY1NTk5M30.uFynzEapvYbUeQCuUJOff8iOL2X5K0OZnGXsyim4Gig"
2025-11-10 13:30:52 [info] : "eyJhbGciOiJIUzI1NiIsInR5cCI6IkpXVCJ9.eyJ1c2VySWQiOiJhZWUzYmVhMC1iZDExLTRjMzYtODYwOC02YWFiZGZhZjE3NzkiLCJ1c2VybmFtZSI6Imx1b25nMTIzIiwiZW1haWwiOiJsdW9uZzEyM0BnbWFpbC5jb20iLCJyb2xlIjoiQ1VTVE9NRVIiLCJpYXQiOjE3NjI3NTU5OTMsImV4cCI6MTc2MzY1NTk5M30.uFynzEapvYbUeQCuUJOff8iOL2X5K0OZnGXsyim4Gig"
2025-11-10 13:30:53 [info] : "eyJhbGciOiJIUzI1NiIsInR5cCI6IkpXVCJ9.eyJ1c2VySWQiOiJhZWUzYmVhMC1iZDExLTRjMzYtODYwOC02YWFiZGZhZjE3NzkiLCJ1c2VybmFtZSI6Imx1b25nMTIzIiwiZW1haWwiOiJsdW9uZzEyM0BnbWFpbC5jb20iLCJyb2xlIjoiQ1VTVE9NRVIiLCJpYXQiOjE3NjI3NTU5OTMsImV4cCI6MTc2MzY1NTk5M30.uFynzEapvYbUeQCuUJOff8iOL2X5K0OZnGXsyim4Gig"
2025-11-10 13:31:25 [info] : "eyJhbGciOiJIUzI1NiIsInR5cCI6IkpXVCJ9.eyJ1c2VySWQiOiJhZWUzYmVhMC1iZDExLTRjMzYtODYwOC02YWFiZGZhZjE3NzkiLCJ1c2VybmFtZSI6Imx1b25nMTIzIiwiZW1haWwiOiJsdW9uZzEyM0BnbWFpbC5jb20iLCJyb2xlIjoiQ1VTVE9NRVIiLCJpYXQiOjE3NjI3NTU5OTMsImV4cCI6MTc2MzY1NTk5M30.uFynzEapvYbUeQCuUJOff8iOL2X5K0OZnGXsyim4Gig"
2025-11-10 13:31:59 [info] : "eyJhbGciOiJIUzI1NiIsInR5cCI6IkpXVCJ9.eyJ1c2VySWQiOiJhZWUzYmVhMC1iZDExLTRjMzYtODYwOC02YWFiZGZhZjE3NzkiLCJ1c2VybmFtZSI6Imx1b25nMTIzIiwiZW1haWwiOiJsdW9uZzEyM0BnbWFpbC5jb20iLCJyb2xlIjoiQ1VTVE9NRVIiLCJpYXQiOjE3NjI3NTU5OTMsImV4cCI6MTc2MzY1NTk5M30.uFynzEapvYbUeQCuUJOff8iOL2X5K0OZnGXsyim4Gig"
2025-11-10 13:32:12 [info] : "eyJhbGciOiJIUzI1NiIsInR5cCI6IkpXVCJ9.eyJ1c2VySWQiOiJhZWUzYmVhMC1iZDExLTRjMzYtODYwOC02YWFiZGZhZjE3NzkiLCJ1c2VybmFtZSI6Imx1b25nMTIzIiwiZW1haWwiOiJsdW9uZzEyM0BnbWFpbC5jb20iLCJyb2xlIjoiQ1VTVE9NRVIiLCJpYXQiOjE3NjI3NTU5OTMsImV4cCI6MTc2MzY1NTk5M30.uFynzEapvYbUeQCuUJOff8iOL2X5K0OZnGXsyim4Gig"
2025-11-10 13:32:12 [info] : "eyJhbGciOiJIUzI1NiIsInR5cCI6IkpXVCJ9.eyJ1c2VySWQiOiJhZWUzYmVhMC1iZDExLTRjMzYtODYwOC02YWFiZGZhZjE3NzkiLCJ1c2VybmFtZSI6Imx1b25nMTIzIiwiZW1haWwiOiJsdW9uZzEyM0BnbWFpbC5jb20iLCJyb2xlIjoiQ1VTVE9NRVIiLCJpYXQiOjE3NjI3NTU5OTMsImV4cCI6MTc2MzY1NTk5M30.uFynzEapvYbUeQCuUJOff8iOL2X5K0OZnGXsyim4Gig"
2025-11-10 13:32:19 [info] : "eyJhbGciOiJIUzI1NiIsInR5cCI6IkpXVCJ9.eyJ1c2VySWQiOiJhZWUzYmVhMC1iZDExLTRjMzYtODYwOC02YWFiZGZhZjE3NzkiLCJ1c2VybmFtZSI6Imx1b25nMTIzIiwiZW1haWwiOiJsdW9uZzEyM0BnbWFpbC5jb20iLCJyb2xlIjoiQ1VTVE9NRVIiLCJpYXQiOjE3NjI3NTU5OTMsImV4cCI6MTc2MzY1NTk5M30.uFynzEapvYbUeQCuUJOff8iOL2X5K0OZnGXsyim4Gig"
2025-11-10 13:32:19 [info] : "eyJhbGciOiJIUzI1NiIsInR5cCI6IkpXVCJ9.eyJ1c2VySWQiOiJhZWUzYmVhMC1iZDExLTRjMzYtODYwOC02YWFiZGZhZjE3NzkiLCJ1c2VybmFtZSI6Imx1b25nMTIzIiwiZW1haWwiOiJsdW9uZzEyM0BnbWFpbC5jb20iLCJyb2xlIjoiQ1VTVE9NRVIiLCJpYXQiOjE3NjI3NTU5OTMsImV4cCI6MTc2MzY1NTk5M30.uFynzEapvYbUeQCuUJOff8iOL2X5K0OZnGXsyim4Gig"
2025-11-10 13:33:17 [info] : Server running in development mode at http://localhost:8080
2025-11-10 13:33:48 [info] : "eyJhbGciOiJIUzI1NiIsInR5cCI6IkpXVCJ9.eyJ1c2VySWQiOiJhZWUzYmVhMC1iZDExLTRjMzYtODYwOC02YWFiZGZhZjE3NzkiLCJ1c2VybmFtZSI6Imx1b25nMTIzIiwiZW1haWwiOiJsdW9uZzEyM0BnbWFpbC5jb20iLCJyb2xlIjoiQ1VTVE9NRVIiLCJpYXQiOjE3NjI3NTU5OTMsImV4cCI6MTc2MzY1NTk5M30.uFynzEapvYbUeQCuUJOff8iOL2X5K0OZnGXsyim4Gig"
2025-11-10 13:34:00 [info] : "eyJhbGciOiJIUzI1NiIsInR5cCI6IkpXVCJ9.eyJ1c2VySWQiOiJhZWUzYmVhMC1iZDExLTRjMzYtODYwOC02YWFiZGZhZjE3NzkiLCJ1c2VybmFtZSI6Imx1b25nMTIzIiwiZW1haWwiOiJsdW9uZzEyM0BnbWFpbC5jb20iLCJyb2xlIjoiQ1VTVE9NRVIiLCJpYXQiOjE3NjI3NTU5OTMsImV4cCI6MTc2MzY1NTk5M30.uFynzEapvYbUeQCuUJOff8iOL2X5K0OZnGXsyim4Gig"
2025-11-10 13:34:25 [info] : "eyJhbGciOiJIUzI1NiIsInR5cCI6IkpXVCJ9.eyJ1c2VySWQiOiJhZWUzYmVhMC1iZDExLTRjMzYtODYwOC02YWFiZGZhZjE3NzkiLCJ1c2VybmFtZSI6Imx1b25nMTIzIiwiZW1haWwiOiJsdW9uZzEyM0BnbWFpbC5jb20iLCJyb2xlIjoiQ1VTVE9NRVIiLCJpYXQiOjE3NjI3NTU5OTMsImV4cCI6MTc2MzY1NTk5M30.uFynzEapvYbUeQCuUJOff8iOL2X5K0OZnGXsyim4Gig"
2025-11-10 13:34:25 [info] : "eyJhbGciOiJIUzI1NiIsInR5cCI6IkpXVCJ9.eyJ1c2VySWQiOiJhZWUzYmVhMC1iZDExLTRjMzYtODYwOC02YWFiZGZhZjE3NzkiLCJ1c2VybmFtZSI6Imx1b25nMTIzIiwiZW1haWwiOiJsdW9uZzEyM0BnbWFpbC5jb20iLCJyb2xlIjoiQ1VTVE9NRVIiLCJpYXQiOjE3NjI3NTU5OTMsImV4cCI6MTc2MzY1NTk5M30.uFynzEapvYbUeQCuUJOff8iOL2X5K0OZnGXsyim4Gig"
2025-11-10 13:34:28 [info] : "eyJhbGciOiJIUzI1NiIsInR5cCI6IkpXVCJ9.eyJ1c2VySWQiOiJhZWUzYmVhMC1iZDExLTRjMzYtODYwOC02YWFiZGZhZjE3NzkiLCJ1c2VybmFtZSI6Imx1b25nMTIzIiwiZW1haWwiOiJsdW9uZzEyM0BnbWFpbC5jb20iLCJyb2xlIjoiQ1VTVE9NRVIiLCJpYXQiOjE3NjI3NTU5OTMsImV4cCI6MTc2MzY1NTk5M30.uFynzEapvYbUeQCuUJOff8iOL2X5K0OZnGXsyim4Gig"
2025-11-10 13:34:31 [info] : "eyJhbGciOiJIUzI1NiIsInR5cCI6IkpXVCJ9.eyJ1c2VySWQiOiJhZWUzYmVhMC1iZDExLTRjMzYtODYwOC02YWFiZGZhZjE3NzkiLCJ1c2VybmFtZSI6Imx1b25nMTIzIiwiZW1haWwiOiJsdW9uZzEyM0BnbWFpbC5jb20iLCJyb2xlIjoiQ1VTVE9NRVIiLCJpYXQiOjE3NjI3NTU5OTMsImV4cCI6MTc2MzY1NTk5M30.uFynzEapvYbUeQCuUJOff8iOL2X5K0OZnGXsyim4Gig"
2025-11-10 13:34:32 [info] : "eyJhbGciOiJIUzI1NiIsInR5cCI6IkpXVCJ9.eyJ1c2VySWQiOiJhZWUzYmVhMC1iZDExLTRjMzYtODYwOC02YWFiZGZhZjE3NzkiLCJ1c2VybmFtZSI6Imx1b25nMTIzIiwiZW1haWwiOiJsdW9uZzEyM0BnbWFpbC5jb20iLCJyb2xlIjoiQ1VTVE9NRVIiLCJpYXQiOjE3NjI3NTU5OTMsImV4cCI6MTc2MzY1NTk5M30.uFynzEapvYbUeQCuUJOff8iOL2X5K0OZnGXsyim4Gig"
2025-11-10 13:34:47 [info] : "eyJhbGciOiJIUzI1NiIsInR5cCI6IkpXVCJ9.eyJ1c2VySWQiOiJhZWUzYmVhMC1iZDExLTRjMzYtODYwOC02YWFiZGZhZjE3NzkiLCJ1c2VybmFtZSI6Imx1b25nMTIzIiwiZW1haWwiOiJsdW9uZzEyM0BnbWFpbC5jb20iLCJyb2xlIjoiQ1VTVE9NRVIiLCJpYXQiOjE3NjI3NTU5OTMsImV4cCI6MTc2MzY1NTk5M30.uFynzEapvYbUeQCuUJOff8iOL2X5K0OZnGXsyim4Gig"
2025-11-10 13:34:47 [info] : "eyJhbGciOiJIUzI1NiIsInR5cCI6IkpXVCJ9.eyJ1c2VySWQiOiJhZWUzYmVhMC1iZDExLTRjMzYtODYwOC02YWFiZGZhZjE3NzkiLCJ1c2VybmFtZSI6Imx1b25nMTIzIiwiZW1haWwiOiJsdW9uZzEyM0BnbWFpbC5jb20iLCJyb2xlIjoiQ1VTVE9NRVIiLCJpYXQiOjE3NjI3NTU5OTMsImV4cCI6MTc2MzY1NTk5M30.uFynzEapvYbUeQCuUJOff8iOL2X5K0OZnGXsyim4Gig"
2025-11-10 13:34:49 [info] : "eyJhbGciOiJIUzI1NiIsInR5cCI6IkpXVCJ9.eyJ1c2VySWQiOiJhZWUzYmVhMC1iZDExLTRjMzYtODYwOC02YWFiZGZhZjE3NzkiLCJ1c2VybmFtZSI6Imx1b25nMTIzIiwiZW1haWwiOiJsdW9uZzEyM0BnbWFpbC5jb20iLCJyb2xlIjoiQ1VTVE9NRVIiLCJpYXQiOjE3NjI3NTU5OTMsImV4cCI6MTc2MzY1NTk5M30.uFynzEapvYbUeQCuUJOff8iOL2X5K0OZnGXsyim4Gig"
2025-11-10 13:34:49 [info] : "eyJhbGciOiJIUzI1NiIsInR5cCI6IkpXVCJ9.eyJ1c2VySWQiOiJhZWUzYmVhMC1iZDExLTRjMzYtODYwOC02YWFiZGZhZjE3NzkiLCJ1c2VybmFtZSI6Imx1b25nMTIzIiwiZW1haWwiOiJsdW9uZzEyM0BnbWFpbC5jb20iLCJyb2xlIjoiQ1VTVE9NRVIiLCJpYXQiOjE3NjI3NTU5OTMsImV4cCI6MTc2MzY1NTk5M30.uFynzEapvYbUeQCuUJOff8iOL2X5K0OZnGXsyim4Gig"
2025-11-10 13:37:23 [info] : "eyJhbGciOiJIUzI1NiIsInR5cCI6IkpXVCJ9.eyJ1c2VySWQiOiJhZWUzYmVhMC1iZDExLTRjMzYtODYwOC02YWFiZGZhZjE3NzkiLCJ1c2VybmFtZSI6Imx1b25nMTIzIiwiZW1haWwiOiJsdW9uZzEyM0BnbWFpbC5jb20iLCJyb2xlIjoiQ1VTVE9NRVIiLCJpYXQiOjE3NjI3NTU5OTMsImV4cCI6MTc2MzY1NTk5M30.uFynzEapvYbUeQCuUJOff8iOL2X5K0OZnGXsyim4Gig"
2025-11-10 13:39:36 [info] : "eyJhbGciOiJIUzI1NiIsInR5cCI6IkpXVCJ9.eyJ1c2VySWQiOiJhZWUzYmVhMC1iZDExLTRjMzYtODYwOC02YWFiZGZhZjE3NzkiLCJ1c2VybmFtZSI6Imx1b25nMTIzIiwiZW1haWwiOiJsdW9uZzEyM0BnbWFpbC5jb20iLCJyb2xlIjoiQ1VTVE9NRVIiLCJpYXQiOjE3NjI3NTU5OTMsImV4cCI6MTc2MzY1NTk5M30.uFynzEapvYbUeQCuUJOff8iOL2X5K0OZnGXsyim4Gig"
2025-11-10 13:39:36 [info] : "eyJhbGciOiJIUzI1NiIsInR5cCI6IkpXVCJ9.eyJ1c2VySWQiOiJhZWUzYmVhMC1iZDExLTRjMzYtODYwOC02YWFiZGZhZjE3NzkiLCJ1c2VybmFtZSI6Imx1b25nMTIzIiwiZW1haWwiOiJsdW9uZzEyM0BnbWFpbC5jb20iLCJyb2xlIjoiQ1VTVE9NRVIiLCJpYXQiOjE3NjI3NTU5OTMsImV4cCI6MTc2MzY1NTk5M30.uFynzEapvYbUeQCuUJOff8iOL2X5K0OZnGXsyim4Gig"
2025-11-10 13:39:54 [info] : "eyJhbGciOiJIUzI1NiIsInR5cCI6IkpXVCJ9.eyJ1c2VySWQiOiJhZWUzYmVhMC1iZDExLTRjMzYtODYwOC02YWFiZGZhZjE3NzkiLCJ1c2VybmFtZSI6Imx1b25nMTIzIiwiZW1haWwiOiJsdW9uZzEyM0BnbWFpbC5jb20iLCJyb2xlIjoiQ1VTVE9NRVIiLCJpYXQiOjE3NjI3NTU5OTMsImV4cCI6MTc2MzY1NTk5M30.uFynzEapvYbUeQCuUJOff8iOL2X5K0OZnGXsyim4Gig"
2025-11-10 13:40:09 [info] : "eyJhbGciOiJIUzI1NiIsInR5cCI6IkpXVCJ9.eyJ1c2VySWQiOiJhZWUzYmVhMC1iZDExLTRjMzYtODYwOC02YWFiZGZhZjE3NzkiLCJ1c2VybmFtZSI6Imx1b25nMTIzIiwiZW1haWwiOiJsdW9uZzEyM0BnbWFpbC5jb20iLCJyb2xlIjoiQ1VTVE9NRVIiLCJpYXQiOjE3NjI3NTU5OTMsImV4cCI6MTc2MzY1NTk5M30.uFynzEapvYbUeQCuUJOff8iOL2X5K0OZnGXsyim4Gig"
2025-11-10 13:40:09 [info] : "eyJhbGciOiJIUzI1NiIsInR5cCI6IkpXVCJ9.eyJ1c2VySWQiOiJhZWUzYmVhMC1iZDExLTRjMzYtODYwOC02YWFiZGZhZjE3NzkiLCJ1c2VybmFtZSI6Imx1b25nMTIzIiwiZW1haWwiOiJsdW9uZzEyM0BnbWFpbC5jb20iLCJyb2xlIjoiQ1VTVE9NRVIiLCJpYXQiOjE3NjI3NTU5OTMsImV4cCI6MTc2MzY1NTk5M30.uFynzEapvYbUeQCuUJOff8iOL2X5K0OZnGXsyim4Gig"
2025-11-10 13:40:11 [info] : "eyJhbGciOiJIUzI1NiIsInR5cCI6IkpXVCJ9.eyJ1c2VySWQiOiJhZWUzYmVhMC1iZDExLTRjMzYtODYwOC02YWFiZGZhZjE3NzkiLCJ1c2VybmFtZSI6Imx1b25nMTIzIiwiZW1haWwiOiJsdW9uZzEyM0BnbWFpbC5jb20iLCJyb2xlIjoiQ1VTVE9NRVIiLCJpYXQiOjE3NjI3NTU5OTMsImV4cCI6MTc2MzY1NTk5M30.uFynzEapvYbUeQCuUJOff8iOL2X5K0OZnGXsyim4Gig"
2025-11-10 13:40:12 [info] : "eyJhbGciOiJIUzI1NiIsInR5cCI6IkpXVCJ9.eyJ1c2VySWQiOiJhZWUzYmVhMC1iZDExLTRjMzYtODYwOC02YWFiZGZhZjE3NzkiLCJ1c2VybmFtZSI6Imx1b25nMTIzIiwiZW1haWwiOiJsdW9uZzEyM0BnbWFpbC5jb20iLCJyb2xlIjoiQ1VTVE9NRVIiLCJpYXQiOjE3NjI3NTU5OTMsImV4cCI6MTc2MzY1NTk5M30.uFynzEapvYbUeQCuUJOff8iOL2X5K0OZnGXsyim4Gig"
2025-11-10 13:42:40 [info] : undefined
2025-11-10 13:42:40 [error] : ZodError: [
  {
    "expected": "string",
    "code": "invalid_type",
    "path": [
      "refreshToken"
    ],
    "message": "Invalid input: expected string, received undefined"
  }
]
    at new ZodError (file:///home/luong/projects/WebsiteLookBookBanQuanAoExpressjsNextjs/backend/node_modules/zod/v4/core/core.js:30:39)
    at Module.<anonymous> (file:///home/luong/projects/WebsiteLookBookBanQuanAoExpressjsNextjs/backend/node_modules/zod/v4/core/parse.js:53:20)
    at inst.safeParseAsync (file:///home/luong/projects/WebsiteLookBookBanQuanAoExpressjsNextjs/backend/node_modules/zod/v4/classic/schemas.js:30:57)
    at <anonymous> (/home/luong/projects/WebsiteLookBookBanQuanAoExpressjsNextjs/backend/src/middlewares/validate-request.middleware.ts:11:33)
    at Layer.handleRequest (/home/luong/projects/WebsiteLookBookBanQuanAoExpressjsNextjs/backend/node_modules/router/lib/layer.js:152:17)
    at next (/home/luong/projects/WebsiteLookBookBanQuanAoExpressjsNextjs/backend/node_modules/router/lib/route.js:157:13)
    at Route.dispatch (/home/luong/projects/WebsiteLookBookBanQuanAoExpressjsNextjs/backend/node_modules/router/lib/route.js:117:3)
    at handle (/home/luong/projects/WebsiteLookBookBanQuanAoExpressjsNextjs/backend/node_modules/router/index.js:435:11)
    at Layer.handleRequest (/home/luong/projects/WebsiteLookBookBanQuanAoExpressjsNextjs/backend/node_modules/router/lib/layer.js:152:17)
    at /home/luong/projects/WebsiteLookBookBanQuanAoExpressjsNextjs/backend/node_modules/router/index.js:295:15
2025-11-10 13:43:13 [info] : undefined
2025-11-10 13:43:13 [info] : User login: luong123@gmail.com
2025-11-10 13:43:13 [info] : User logged in: luong123
2025-11-10 13:43:13 [info] : User logged in: luong123
2025-11-10 13:43:21 [info] : "eyJhbGciOiJIUzI1NiIsInR5cCI6IkpXVCJ9.eyJ1c2VySWQiOiJhZWUzYmVhMC1iZDExLTRjMzYtODYwOC02YWFiZGZhZjE3NzkiLCJ1c2VybmFtZSI6Imx1b25nMTIzIiwiZW1haWwiOiJsdW9uZzEyM0BnbWFpbC5jb20iLCJyb2xlIjoiQ1VTVE9NRVIiLCJpYXQiOjE3NjI3NTY5OTMsImV4cCI6MTc2MzY1Njk5M30.9HR_VpdMnGFXdo84yj9TXVC5cL9KWwgR3bDlP49ztxc"
2025-11-10 13:43:21 [info] : "eyJhbGciOiJIUzI1NiIsInR5cCI6IkpXVCJ9.eyJ1c2VySWQiOiJhZWUzYmVhMC1iZDExLTRjMzYtODYwOC02YWFiZGZhZjE3NzkiLCJ1c2VybmFtZSI6Imx1b25nMTIzIiwiZW1haWwiOiJsdW9uZzEyM0BnbWFpbC5jb20iLCJyb2xlIjoiQ1VTVE9NRVIiLCJpYXQiOjE3NjI3NTY5OTMsImV4cCI6MTc2MzY1Njk5M30.9HR_VpdMnGFXdo84yj9TXVC5cL9KWwgR3bDlP49ztxc"
2025-11-10 13:43:34 [info] : "eyJhbGciOiJIUzI1NiIsInR5cCI6IkpXVCJ9.eyJ1c2VySWQiOiJhZWUzYmVhMC1iZDExLTRjMzYtODYwOC02YWFiZGZhZjE3NzkiLCJ1c2VybmFtZSI6Imx1b25nMTIzIiwiZW1haWwiOiJsdW9uZzEyM0BnbWFpbC5jb20iLCJyb2xlIjoiQ1VTVE9NRVIiLCJpYXQiOjE3NjI3NTY5OTMsImV4cCI6MTc2MzY1Njk5M30.9HR_VpdMnGFXdo84yj9TXVC5cL9KWwgR3bDlP49ztxc"
2025-11-10 13:43:34 [info] : "eyJhbGciOiJIUzI1NiIsInR5cCI6IkpXVCJ9.eyJ1c2VySWQiOiJhZWUzYmVhMC1iZDExLTRjMzYtODYwOC02YWFiZGZhZjE3NzkiLCJ1c2VybmFtZSI6Imx1b25nMTIzIiwiZW1haWwiOiJsdW9uZzEyM0BnbWFpbC5jb20iLCJyb2xlIjoiQ1VTVE9NRVIiLCJpYXQiOjE3NjI3NTY5OTMsImV4cCI6MTc2MzY1Njk5M30.9HR_VpdMnGFXdo84yj9TXVC5cL9KWwgR3bDlP49ztxc"
2025-11-10 13:43:48 [info] : "eyJhbGciOiJIUzI1NiIsInR5cCI6IkpXVCJ9.eyJ1c2VySWQiOiJhZWUzYmVhMC1iZDExLTRjMzYtODYwOC02YWFiZGZhZjE3NzkiLCJ1c2VybmFtZSI6Imx1b25nMTIzIiwiZW1haWwiOiJsdW9uZzEyM0BnbWFpbC5jb20iLCJyb2xlIjoiQ1VTVE9NRVIiLCJpYXQiOjE3NjI3NTY5OTMsImV4cCI6MTc2MzY1Njk5M30.9HR_VpdMnGFXdo84yj9TXVC5cL9KWwgR3bDlP49ztxc"
2025-11-10 13:43:48 [info] : "eyJhbGciOiJIUzI1NiIsInR5cCI6IkpXVCJ9.eyJ1c2VySWQiOiJhZWUzYmVhMC1iZDExLTRjMzYtODYwOC02YWFiZGZhZjE3NzkiLCJ1c2VybmFtZSI6Imx1b25nMTIzIiwiZW1haWwiOiJsdW9uZzEyM0BnbWFpbC5jb20iLCJyb2xlIjoiQ1VTVE9NRVIiLCJpYXQiOjE3NjI3NTY5OTMsImV4cCI6MTc2MzY1Njk5M30.9HR_VpdMnGFXdo84yj9TXVC5cL9KWwgR3bDlP49ztxc"
2025-11-10 13:44:34 [info] : "eyJhbGciOiJIUzI1NiIsInR5cCI6IkpXVCJ9.eyJ1c2VySWQiOiJhZWUzYmVhMC1iZDExLTRjMzYtODYwOC02YWFiZGZhZjE3NzkiLCJ1c2VybmFtZSI6Imx1b25nMTIzIiwiZW1haWwiOiJsdW9uZzEyM0BnbWFpbC5jb20iLCJyb2xlIjoiQ1VTVE9NRVIiLCJpYXQiOjE3NjI3NTY5OTMsImV4cCI6MTc2MzY1Njk5M30.9HR_VpdMnGFXdo84yj9TXVC5cL9KWwgR3bDlP49ztxc"
2025-11-10 13:44:35 [info] : "eyJhbGciOiJIUzI1NiIsInR5cCI6IkpXVCJ9.eyJ1c2VySWQiOiJhZWUzYmVhMC1iZDExLTRjMzYtODYwOC02YWFiZGZhZjE3NzkiLCJ1c2VybmFtZSI6Imx1b25nMTIzIiwiZW1haWwiOiJsdW9uZzEyM0BnbWFpbC5jb20iLCJyb2xlIjoiQ1VTVE9NRVIiLCJpYXQiOjE3NjI3NTY5OTMsImV4cCI6MTc2MzY1Njk5M30.9HR_VpdMnGFXdo84yj9TXVC5cL9KWwgR3bDlP49ztxc"
2025-11-10 13:44:36 [info] : "eyJhbGciOiJIUzI1NiIsInR5cCI6IkpXVCJ9.eyJ1c2VySWQiOiJhZWUzYmVhMC1iZDExLTRjMzYtODYwOC02YWFiZGZhZjE3NzkiLCJ1c2VybmFtZSI6Imx1b25nMTIzIiwiZW1haWwiOiJsdW9uZzEyM0BnbWFpbC5jb20iLCJyb2xlIjoiQ1VTVE9NRVIiLCJpYXQiOjE3NjI3NTY5OTMsImV4cCI6MTc2MzY1Njk5M30.9HR_VpdMnGFXdo84yj9TXVC5cL9KWwgR3bDlP49ztxc"
2025-11-10 13:44:36 [info] : "eyJhbGciOiJIUzI1NiIsInR5cCI6IkpXVCJ9.eyJ1c2VySWQiOiJhZWUzYmVhMC1iZDExLTRjMzYtODYwOC02YWFiZGZhZjE3NzkiLCJ1c2VybmFtZSI6Imx1b25nMTIzIiwiZW1haWwiOiJsdW9uZzEyM0BnbWFpbC5jb20iLCJyb2xlIjoiQ1VTVE9NRVIiLCJpYXQiOjE3NjI3NTY5OTMsImV4cCI6MTc2MzY1Njk5M30.9HR_VpdMnGFXdo84yj9TXVC5cL9KWwgR3bDlP49ztxc"
2025-11-10 13:44:37 [info] : "eyJhbGciOiJIUzI1NiIsInR5cCI6IkpXVCJ9.eyJ1c2VySWQiOiJhZWUzYmVhMC1iZDExLTRjMzYtODYwOC02YWFiZGZhZjE3NzkiLCJ1c2VybmFtZSI6Imx1b25nMTIzIiwiZW1haWwiOiJsdW9uZzEyM0BnbWFpbC5jb20iLCJyb2xlIjoiQ1VTVE9NRVIiLCJpYXQiOjE3NjI3NTY5OTMsImV4cCI6MTc2MzY1Njk5M30.9HR_VpdMnGFXdo84yj9TXVC5cL9KWwgR3bDlP49ztxc"
2025-11-10 13:44:37 [info] : "eyJhbGciOiJIUzI1NiIsInR5cCI6IkpXVCJ9.eyJ1c2VySWQiOiJhZWUzYmVhMC1iZDExLTRjMzYtODYwOC02YWFiZGZhZjE3NzkiLCJ1c2VybmFtZSI6Imx1b25nMTIzIiwiZW1haWwiOiJsdW9uZzEyM0BnbWFpbC5jb20iLCJyb2xlIjoiQ1VTVE9NRVIiLCJpYXQiOjE3NjI3NTY5OTMsImV4cCI6MTc2MzY1Njk5M30.9HR_VpdMnGFXdo84yj9TXVC5cL9KWwgR3bDlP49ztxc"
2025-11-10 13:44:37 [info] : "eyJhbGciOiJIUzI1NiIsInR5cCI6IkpXVCJ9.eyJ1c2VySWQiOiJhZWUzYmVhMC1iZDExLTRjMzYtODYwOC02YWFiZGZhZjE3NzkiLCJ1c2VybmFtZSI6Imx1b25nMTIzIiwiZW1haWwiOiJsdW9uZzEyM0BnbWFpbC5jb20iLCJyb2xlIjoiQ1VTVE9NRVIiLCJpYXQiOjE3NjI3NTY5OTMsImV4cCI6MTc2MzY1Njk5M30.9HR_VpdMnGFXdo84yj9TXVC5cL9KWwgR3bDlP49ztxc"
2025-11-10 13:44:37 [info] : "eyJhbGciOiJIUzI1NiIsInR5cCI6IkpXVCJ9.eyJ1c2VySWQiOiJhZWUzYmVhMC1iZDExLTRjMzYtODYwOC02YWFiZGZhZjE3NzkiLCJ1c2VybmFtZSI6Imx1b25nMTIzIiwiZW1haWwiOiJsdW9uZzEyM0BnbWFpbC5jb20iLCJyb2xlIjoiQ1VTVE9NRVIiLCJpYXQiOjE3NjI3NTY5OTMsImV4cCI6MTc2MzY1Njk5M30.9HR_VpdMnGFXdo84yj9TXVC5cL9KWwgR3bDlP49ztxc"
2025-11-10 13:44:37 [info] : "eyJhbGciOiJIUzI1NiIsInR5cCI6IkpXVCJ9.eyJ1c2VySWQiOiJhZWUzYmVhMC1iZDExLTRjMzYtODYwOC02YWFiZGZhZjE3NzkiLCJ1c2VybmFtZSI6Imx1b25nMTIzIiwiZW1haWwiOiJsdW9uZzEyM0BnbWFpbC5jb20iLCJyb2xlIjoiQ1VTVE9NRVIiLCJpYXQiOjE3NjI3NTY5OTMsImV4cCI6MTc2MzY1Njk5M30.9HR_VpdMnGFXdo84yj9TXVC5cL9KWwgR3bDlP49ztxc"
2025-11-10 13:44:38 [info] : "eyJhbGciOiJIUzI1NiIsInR5cCI6IkpXVCJ9.eyJ1c2VySWQiOiJhZWUzYmVhMC1iZDExLTRjMzYtODYwOC02YWFiZGZhZjE3NzkiLCJ1c2VybmFtZSI6Imx1b25nMTIzIiwiZW1haWwiOiJsdW9uZzEyM0BnbWFpbC5jb20iLCJyb2xlIjoiQ1VTVE9NRVIiLCJpYXQiOjE3NjI3NTY5OTMsImV4cCI6MTc2MzY1Njk5M30.9HR_VpdMnGFXdo84yj9TXVC5cL9KWwgR3bDlP49ztxc"
2025-11-10 13:44:38 [info] : "eyJhbGciOiJIUzI1NiIsInR5cCI6IkpXVCJ9.eyJ1c2VySWQiOiJhZWUzYmVhMC1iZDExLTRjMzYtODYwOC02YWFiZGZhZjE3NzkiLCJ1c2VybmFtZSI6Imx1b25nMTIzIiwiZW1haWwiOiJsdW9uZzEyM0BnbWFpbC5jb20iLCJyb2xlIjoiQ1VTVE9NRVIiLCJpYXQiOjE3NjI3NTY5OTMsImV4cCI6MTc2MzY1Njk5M30.9HR_VpdMnGFXdo84yj9TXVC5cL9KWwgR3bDlP49ztxc"
2025-11-10 13:44:38 [info] : "eyJhbGciOiJIUzI1NiIsInR5cCI6IkpXVCJ9.eyJ1c2VySWQiOiJhZWUzYmVhMC1iZDExLTRjMzYtODYwOC02YWFiZGZhZjE3NzkiLCJ1c2VybmFtZSI6Imx1b25nMTIzIiwiZW1haWwiOiJsdW9uZzEyM0BnbWFpbC5jb20iLCJyb2xlIjoiQ1VTVE9NRVIiLCJpYXQiOjE3NjI3NTY5OTMsImV4cCI6MTc2MzY1Njk5M30.9HR_VpdMnGFXdo84yj9TXVC5cL9KWwgR3bDlP49ztxc"
2025-11-10 13:44:39 [info] : "eyJhbGciOiJIUzI1NiIsInR5cCI6IkpXVCJ9.eyJ1c2VySWQiOiJhZWUzYmVhMC1iZDExLTRjMzYtODYwOC02YWFiZGZhZjE3NzkiLCJ1c2VybmFtZSI6Imx1b25nMTIzIiwiZW1haWwiOiJsdW9uZzEyM0BnbWFpbC5jb20iLCJyb2xlIjoiQ1VTVE9NRVIiLCJpYXQiOjE3NjI3NTY5OTMsImV4cCI6MTc2MzY1Njk5M30.9HR_VpdMnGFXdo84yj9TXVC5cL9KWwgR3bDlP49ztxc"
2025-11-10 13:44:39 [info] : "eyJhbGciOiJIUzI1NiIsInR5cCI6IkpXVCJ9.eyJ1c2VySWQiOiJhZWUzYmVhMC1iZDExLTRjMzYtODYwOC02YWFiZGZhZjE3NzkiLCJ1c2VybmFtZSI6Imx1b25nMTIzIiwiZW1haWwiOiJsdW9uZzEyM0BnbWFpbC5jb20iLCJyb2xlIjoiQ1VTVE9NRVIiLCJpYXQiOjE3NjI3NTY5OTMsImV4cCI6MTc2MzY1Njk5M30.9HR_VpdMnGFXdo84yj9TXVC5cL9KWwgR3bDlP49ztxc"
2025-11-10 13:44:44 [info] : "eyJhbGciOiJIUzI1NiIsInR5cCI6IkpXVCJ9.eyJ1c2VySWQiOiJhZWUzYmVhMC1iZDExLTRjMzYtODYwOC02YWFiZGZhZjE3NzkiLCJ1c2VybmFtZSI6Imx1b25nMTIzIiwiZW1haWwiOiJsdW9uZzEyM0BnbWFpbC5jb20iLCJyb2xlIjoiQ1VTVE9NRVIiLCJpYXQiOjE3NjI3NTY5OTMsImV4cCI6MTc2MzY1Njk5M30.9HR_VpdMnGFXdo84yj9TXVC5cL9KWwgR3bDlP49ztxc"
2025-11-10 13:44:59 [info] : "eyJhbGciOiJIUzI1NiIsInR5cCI6IkpXVCJ9.eyJ1c2VySWQiOiJhZWUzYmVhMC1iZDExLTRjMzYtODYwOC02YWFiZGZhZjE3NzkiLCJ1c2VybmFtZSI6Imx1b25nMTIzIiwiZW1haWwiOiJsdW9uZzEyM0BnbWFpbC5jb20iLCJyb2xlIjoiQ1VTVE9NRVIiLCJpYXQiOjE3NjI3NTY5OTMsImV4cCI6MTc2MzY1Njk5M30.9HR_VpdMnGFXdo84yj9TXVC5cL9KWwgR3bDlP49ztxc"
2025-11-10 13:44:59 [info] : "eyJhbGciOiJIUzI1NiIsInR5cCI6IkpXVCJ9.eyJ1c2VySWQiOiJhZWUzYmVhMC1iZDExLTRjMzYtODYwOC02YWFiZGZhZjE3NzkiLCJ1c2VybmFtZSI6Imx1b25nMTIzIiwiZW1haWwiOiJsdW9uZzEyM0BnbWFpbC5jb20iLCJyb2xlIjoiQ1VTVE9NRVIiLCJpYXQiOjE3NjI3NTY5OTMsImV4cCI6MTc2MzY1Njk5M30.9HR_VpdMnGFXdo84yj9TXVC5cL9KWwgR3bDlP49ztxc"
2025-11-10 13:45:01 [info] : "eyJhbGciOiJIUzI1NiIsInR5cCI6IkpXVCJ9.eyJ1c2VySWQiOiJhZWUzYmVhMC1iZDExLTRjMzYtODYwOC02YWFiZGZhZjE3NzkiLCJ1c2VybmFtZSI6Imx1b25nMTIzIiwiZW1haWwiOiJsdW9uZzEyM0BnbWFpbC5jb20iLCJyb2xlIjoiQ1VTVE9NRVIiLCJpYXQiOjE3NjI3NTY5OTMsImV4cCI6MTc2MzY1Njk5M30.9HR_VpdMnGFXdo84yj9TXVC5cL9KWwgR3bDlP49ztxc"
2025-11-10 13:45:01 [info] : "eyJhbGciOiJIUzI1NiIsInR5cCI6IkpXVCJ9.eyJ1c2VySWQiOiJhZWUzYmVhMC1iZDExLTRjMzYtODYwOC02YWFiZGZhZjE3NzkiLCJ1c2VybmFtZSI6Imx1b25nMTIzIiwiZW1haWwiOiJsdW9uZzEyM0BnbWFpbC5jb20iLCJyb2xlIjoiQ1VTVE9NRVIiLCJpYXQiOjE3NjI3NTY5OTMsImV4cCI6MTc2MzY1Njk5M30.9HR_VpdMnGFXdo84yj9TXVC5cL9KWwgR3bDlP49ztxc"
2025-11-10 13:45:38 [info] : Server running in development mode at http://localhost:8080
2025-11-10 13:47:24 [info] : Server running in development mode at http://localhost:8080
2025-11-10 13:47:28 [info] : Server running in development mode at http://localhost:8080
2025-11-10 13:47:43 [info] : Server running in development mode at http://localhost:8080
2025-11-10 13:48:22 [info] : Server running in development mode at http://localhost:8080
2025-11-10 13:48:44 [info] : "eyJhbGciOiJIUzI1NiIsInR5cCI6IkpXVCJ9.eyJ1c2VySWQiOiJhZWUzYmVhMC1iZDExLTRjMzYtODYwOC02YWFiZGZhZjE3NzkiLCJ1c2VybmFtZSI6Imx1b25nMTIzIiwiZW1haWwiOiJsdW9uZzEyM0BnbWFpbC5jb20iLCJyb2xlIjoiQ1VTVE9NRVIiLCJpYXQiOjE3NjI3NTY5OTMsImV4cCI6MTc2MzY1Njk5M30.9HR_VpdMnGFXdo84yj9TXVC5cL9KWwgR3bDlP49ztxc"
2025-11-10 13:48:44 [info] : "eyJhbGciOiJIUzI1NiIsInR5cCI6IkpXVCJ9.eyJ1c2VySWQiOiJhZWUzYmVhMC1iZDExLTRjMzYtODYwOC02YWFiZGZhZjE3NzkiLCJ1c2VybmFtZSI6Imx1b25nMTIzIiwiZW1haWwiOiJsdW9uZzEyM0BnbWFpbC5jb20iLCJyb2xlIjoiQ1VTVE9NRVIiLCJpYXQiOjE3NjI3NTY5OTMsImV4cCI6MTc2MzY1Njk5M30.9HR_VpdMnGFXdo84yj9TXVC5cL9KWwgR3bDlP49ztxc"
2025-11-10 13:48:49 [info] : "eyJhbGciOiJIUzI1NiIsInR5cCI6IkpXVCJ9.eyJ1c2VySWQiOiJhZWUzYmVhMC1iZDExLTRjMzYtODYwOC02YWFiZGZhZjE3NzkiLCJ1c2VybmFtZSI6Imx1b25nMTIzIiwiZW1haWwiOiJsdW9uZzEyM0BnbWFpbC5jb20iLCJyb2xlIjoiQ1VTVE9NRVIiLCJpYXQiOjE3NjI3NTY5OTMsImV4cCI6MTc2MzY1Njk5M30.9HR_VpdMnGFXdo84yj9TXVC5cL9KWwgR3bDlP49ztxc"
2025-11-10 13:48:49 [info] : "eyJhbGciOiJIUzI1NiIsInR5cCI6IkpXVCJ9.eyJ1c2VySWQiOiJhZWUzYmVhMC1iZDExLTRjMzYtODYwOC02YWFiZGZhZjE3NzkiLCJ1c2VybmFtZSI6Imx1b25nMTIzIiwiZW1haWwiOiJsdW9uZzEyM0BnbWFpbC5jb20iLCJyb2xlIjoiQ1VTVE9NRVIiLCJpYXQiOjE3NjI3NTY5OTMsImV4cCI6MTc2MzY1Njk5M30.9HR_VpdMnGFXdo84yj9TXVC5cL9KWwgR3bDlP49ztxc"
2025-11-10 13:51:06 [info] : Server running in development mode at http://localhost:8080
2025-11-10 13:51:20 [info] : "eyJhbGciOiJIUzI1NiIsInR5cCI6IkpXVCJ9.eyJ1c2VySWQiOiJhZWUzYmVhMC1iZDExLTRjMzYtODYwOC02YWFiZGZhZjE3NzkiLCJ1c2VybmFtZSI6Imx1b25nMTIzIiwiZW1haWwiOiJsdW9uZzEyM0BnbWFpbC5jb20iLCJyb2xlIjoiQ1VTVE9NRVIiLCJpYXQiOjE3NjI3NTY5OTMsImV4cCI6MTc2MzY1Njk5M30.9HR_VpdMnGFXdo84yj9TXVC5cL9KWwgR3bDlP49ztxc"
2025-11-10 13:51:20 [info] : "eyJhbGciOiJIUzI1NiIsInR5cCI6IkpXVCJ9.eyJ1c2VySWQiOiJhZWUzYmVhMC1iZDExLTRjMzYtODYwOC02YWFiZGZhZjE3NzkiLCJ1c2VybmFtZSI6Imx1b25nMTIzIiwiZW1haWwiOiJsdW9uZzEyM0BnbWFpbC5jb20iLCJyb2xlIjoiQ1VTVE9NRVIiLCJpYXQiOjE3NjI3NTY5OTMsImV4cCI6MTc2MzY1Njk5M30.9HR_VpdMnGFXdo84yj9TXVC5cL9KWwgR3bDlP49ztxc"
2025-11-10 13:51:22 [info] : "eyJhbGciOiJIUzI1NiIsInR5cCI6IkpXVCJ9.eyJ1c2VySWQiOiJhZWUzYmVhMC1iZDExLTRjMzYtODYwOC02YWFiZGZhZjE3NzkiLCJ1c2VybmFtZSI6Imx1b25nMTIzIiwiZW1haWwiOiJsdW9uZzEyM0BnbWFpbC5jb20iLCJyb2xlIjoiQ1VTVE9NRVIiLCJpYXQiOjE3NjI3NTY5OTMsImV4cCI6MTc2MzY1Njk5M30.9HR_VpdMnGFXdo84yj9TXVC5cL9KWwgR3bDlP49ztxc"
2025-11-10 14:16:37 [info] : undefined
2025-11-10 14:16:37 [info] : User login: luong123@gmail.com
2025-11-10 14:16:37 [info] : User logged in: luong123
2025-11-10 14:16:37 [info] : User logged in: luong123
2025-11-10 14:50:04 [info] : 🧹 Files to delete: []
2025-11-10 14:50:04 [info] : 🖼️ Uploaded files: 
2025-11-10 15:00:36 [info] : undefined
2025-11-10 15:00:36 [info] : User login: luong123@gmail.com
2025-11-10 15:00:36 [info] : User logged in: luong123
2025-11-10 15:00:36 [info] : User logged in: luong123
2025-11-10 15:01:18 [info] : "eyJhbGciOiJIUzI1NiIsInR5cCI6IkpXVCJ9.eyJ1c2VySWQiOiJhZWUzYmVhMC1iZDExLTRjMzYtODYwOC02YWFiZGZhZjE3NzkiLCJ1c2VybmFtZSI6Imx1b25nMTIzIiwiZW1haWwiOiJsdW9uZzEyM0BnbWFpbC5jb20iLCJyb2xlIjoiQ1VTVE9NRVIiLCJpYXQiOjE3NjI3NjE2MzYsImV4cCI6MTc2MzY2MTYzNn0.fOFbev2Dl28wyMvmdmKG4AH3Vwms6wJYYOMIEXfi5wk"
2025-11-10 19:00:19 [info] : Server running in development mode at http://localhost:8080
