2025-10-22 19:28:14 [info] : Server running in development mode at http://localhost:3000
2025-10-22 19:30:11 [info] : Server running in development mode at http://localhost:3000
2025-10-22 19:30:19 [info] : Server running in development mode at http://localhost:3000
2025-10-22 19:30:32 [info] : Server running in development mode at http://localhost:3000
2025-10-22 19:30:37 [info] : Server running in development mode at http://localhost:3000
2025-10-22 19:30:41 [info] : Server running in development mode at http://localhost:3000
2025-10-22 19:30:45 [info] : Server running in development mode at http://localhost:3000
2025-10-22 19:31:30 [info] : Server running in development mode at http://localhost:3000
2025-10-22 19:31:33 [info] : Server running in development mode at http://localhost:3000
2025-10-22 19:31:36 [info] : User registered: john@example.com
2025-10-22 19:31:36 [info] : User registered: john@example.com
2025-10-22 19:32:20 [info] : User login: john@example.com
2025-10-22 19:32:20 [info] : User logged in: john_doe
2025-10-22 19:33:19 [info] : Server running in development mode at http://localhost:3000
2025-10-22 19:33:36 [info] : Server running in development mode at http://localhost:3000
2025-10-22 19:33:40 [info] : Server running in development mode at http://localhost:3000
2025-10-22 19:33:51 [info] : Server running in development mode at http://localhost:3000
2025-10-22 19:35:15 [info] : Access token refreshed
2025-10-22 19:35:44 [info] : User login: john@example.com
2025-10-22 19:35:44 [info] : User logged in: john_doe
2025-10-22 19:35:45 [info] : User login: john@example.com
2025-10-22 19:35:45 [info] : User logged in: john_doe
2025-10-22 19:35:46 [info] : User login: john@example.com
2025-10-22 19:35:46 [info] : User logged in: john_doe
2025-10-22 19:35:47 [info] : User login: john@example.com
2025-10-22 19:35:47 [info] : User logged in: john_doe
2025-10-22 19:35:47 [info] : User login: john@example.com
2025-10-22 19:35:47 [info] : User logged in: john_doe
2025-10-22 19:35:48 [info] : User login: john@example.com
2025-10-22 19:35:48 [info] : User logged in: john_doe
2025-10-22 21:36:21 [info] : Access token refreshed
2025-10-22 21:36:21 [info] : Access token refreshed
2025-10-22 21:36:21 [info] : Access token refreshed
2025-10-22 21:36:21 [info] : Access token refreshed
2025-10-22 21:36:22 [info] : Access token refreshed
2025-10-22 21:36:22 [info] : Access token refreshed
2025-10-22 21:36:22 [info] : Access token refreshed
2025-10-22 21:36:22 [info] : Access token refreshed
2025-10-22 21:36:22 [info] : Access token refreshed
2025-10-22 21:36:22 [info] : Access token refreshed
2025-10-22 21:36:23 [info] : Access token refreshed
2025-10-22 21:36:23 [info] : Access token refreshed
2025-10-22 21:36:23 [info] : Access token refreshed
2025-10-22 21:36:23 [info] : Access token refreshed
2025-10-22 21:36:23 [info] : Access token refreshed
2025-10-22 21:36:23 [info] : Access token refreshed
2025-10-22 21:36:24 [info] : Access token refreshed
2025-10-22 21:36:24 [info] : Access token refreshed
2025-10-22 21:36:24 [info] : Access token refreshed
2025-10-22 21:36:24 [info] : Access token refreshed
2025-10-22 21:36:24 [info] : Access token refreshed
2025-10-22 21:36:24 [info] : Access token refreshed
2025-10-22 21:36:25 [info] : Access token refreshed
2025-10-22 21:36:25 [info] : Access token refreshed
2025-10-22 21:36:25 [info] : Access token refreshed
2025-10-22 21:36:25 [info] : Access token refreshed
2025-10-22 21:36:25 [info] : Access token refreshed
2025-10-22 21:36:25 [info] : Access token refreshed
2025-10-22 21:36:26 [info] : Access token refreshed
2025-10-22 21:36:26 [info] : Access token refreshed
2025-10-22 21:36:26 [info] : Access token refreshed
2025-10-22 21:36:26 [info] : Access token refreshed
2025-10-22 21:36:26 [info] : Access token refreshed
2025-10-22 21:36:26 [info] : Access token refreshed
2025-10-22 21:36:27 [info] : Access token refreshed
2025-10-22 21:36:27 [info] : Access token refreshed
2025-10-22 21:36:27 [info] : Access token refreshed
2025-10-22 21:36:27 [info] : Access token refreshed
2025-10-22 21:36:27 [info] : Access token refreshed
2025-10-22 21:36:28 [info] : Access token refreshed
2025-10-22 21:36:28 [info] : Access token refreshed
2025-10-22 21:36:28 [info] : Access token refreshed
2025-10-22 21:36:28 [info] : Access token refreshed
2025-10-22 21:36:28 [info] : Access token refreshed
2025-10-22 21:36:28 [info] : Access token refreshed
2025-10-22 21:36:29 [info] : Access token refreshed
2025-10-22 21:36:29 [info] : Access token refreshed
2025-10-22 21:36:29 [info] : Access token refreshed
2025-10-22 21:36:42 [info] : Access token refreshed
2025-10-22 21:36:52 [info] : Access token refreshed
2025-10-22 21:36:53 [info] : Access token refreshed
2025-10-22 21:36:53 [info] : Access token refreshed
2025-10-22 21:36:53 [info] : Access token refreshed
2025-10-22 21:36:54 [info] : Access token refreshed
2025-10-22 21:36:54 [info] : Access token refreshed
2025-10-22 21:36:54 [info] : Access token refreshed
2025-10-22 21:36:54 [info] : Access token refreshed
2025-10-22 21:36:54 [info] : Access token refreshed
2025-10-22 21:36:54 [info] : Access token refreshed
2025-10-22 21:36:55 [info] : Access token refreshed
2025-10-22 21:36:55 [info] : Access token refreshed
2025-10-22 21:36:55 [info] : Access token refreshed
2025-10-22 21:36:55 [info] : Access token refreshed
2025-10-22 21:36:55 [info] : Access token refreshed
2025-10-22 21:36:56 [info] : Access token refreshed
2025-10-22 21:36:56 [info] : Access token refreshed
2025-10-22 21:36:56 [info] : Access token refreshed
2025-10-22 21:36:56 [info] : Access token refreshed
2025-10-22 21:36:56 [info] : Access token refreshed
2025-10-22 21:36:56 [info] : Access token refreshed
2025-10-22 21:36:57 [info] : Access token refreshed
2025-10-22 21:36:57 [info] : Access token refreshed
2025-10-22 21:36:57 [info] : Access token refreshed
